{"/home/diego/Datos/proyectos/Prueba-full-stack/packages/backend/src/app.controller.ts": {"path":"/home/diego/Datos/proyectos/Prueba-full-stack/packages/backend/src/app.controller.ts","statementMap":{"0":{"start":{"line":1,"column":0},"end":{"line":1,"column":49}},"1":{"start":{"line":2,"column":0},"end":{"line":2,"column":43}},"2":{"start":{"line":5,"column":7},"end":{"line":12,"column":null}},"3":{"start":{"line":6,"column":31},"end":{"line":6,"column":43}},"4":{"start":{"line":10,"column":4},"end":{"line":10,"column":38}},"5":{"start":{"line":5,"column":13},"end":{"line":5,"column":26}},"6":{"start":{"line":9,"column":2},"end":{"line":11,"column":null}},"7":{"start":{"line":5,"column":13},"end":{"line":12,"column":null}}},"fnMap":{"0":{"name":"(anonymous_2)","decl":{"start":{"line":6,"column":2},"end":{"line":6,"column":31}},"loc":{"start":{"line":6,"column":53},"end":{"line":6,"column":57}}},"1":{"name":"(anonymous_3)","decl":{"start":{"line":9,"column":2},"end":{"line":9,"column":10}},"loc":{"start":{"line":9,"column":10},"end":{"line":11,"column":3}}}},"branchMap":{"0":{"loc":{"start":{"line":6,"column":43},"end":{"line":6,"column":56}},"type":"cond-expr","locations":[{"start":{"line":6,"column":53},"end":{"line":6,"column":56}},{"start":{"line":6,"column":53},"end":{"line":6,"column":56}}]},"1":{"loc":{"start":{"line":6,"column":43},"end":{"line":6,"column":53}},"type":"binary-expr","locations":[{"start":{"line":6,"column":43},"end":{"line":6,"column":56}},{"start":{"line":6,"column":43},"end":{"line":6,"column":53}}]}},"s":{"0":1,"1":1,"2":1,"3":1,"4":1,"5":1,"6":1,"7":1},"f":{"0":1,"1":1},"b":{"0":[1,0],"1":[1,1]}}
,"/home/diego/Datos/proyectos/Prueba-full-stack/packages/backend/src/app.module.ts": {"path":"/home/diego/Datos/proyectos/Prueba-full-stack/packages/backend/src/app.module.ts","statementMap":{"0":{"start":{"line":1,"column":0},"end":{"line":1,"column":40}},"1":{"start":{"line":2,"column":0},"end":{"line":2,"column":52}},"2":{"start":{"line":3,"column":0},"end":{"line":3,"column":49}},"3":{"start":{"line":4,"column":0},"end":{"line":4,"column":43}},"4":{"start":{"line":5,"column":0},"end":{"line":5,"column":48}},"5":{"start":{"line":6,"column":0},"end":{"line":6,"column":51}},"6":{"start":{"line":7,"column":0},"end":{"line":7,"column":75}},"7":{"start":{"line":8,"column":0},"end":{"line":8,"column":51}},"8":{"start":{"line":27,"column":7},"end":{"line":27,"column":null}},"9":{"start":{"line":27,"column":13},"end":{"line":27,"column":22}},"10":{"start":{"line":27,"column":13},"end":{"line":27,"column":null}}},"fnMap":{},"branchMap":{},"s":{"0":0,"1":0,"2":0,"3":0,"4":0,"5":0,"6":0,"7":0,"8":0,"9":0,"10":0},"f":{},"b":{}}
,"/home/diego/Datos/proyectos/Prueba-full-stack/packages/backend/src/app.service.ts": {"path":"/home/diego/Datos/proyectos/Prueba-full-stack/packages/backend/src/app.service.ts","statementMap":{"0":{"start":{"line":1,"column":0},"end":{"line":1,"column":44}},"1":{"start":{"line":4,"column":7},"end":{"line":8,"column":null}},"2":{"start":{"line":6,"column":4},"end":{"line":6,"column":26}},"3":{"start":{"line":4,"column":13},"end":{"line":4,"column":23}},"4":{"start":{"line":4,"column":13},"end":{"line":8,"column":null}}},"fnMap":{"0":{"name":"(anonymous_1)","decl":{"start":{"line":5,"column":2},"end":{"line":5,"column":10}},"loc":{"start":{"line":5,"column":10},"end":{"line":7,"column":3}}}},"branchMap":{},"s":{"0":1,"1":1,"2":1,"3":1,"4":1},"f":{"0":1},"b":{}}
,"/home/diego/Datos/proyectos/Prueba-full-stack/packages/backend/src/main.ts": {"path":"/home/diego/Datos/proyectos/Prueba-full-stack/packages/backend/src/main.ts","statementMap":{"0":{"start":{"line":1,"column":0},"end":{"line":1,"column":43}},"1":{"start":{"line":2,"column":0},"end":{"line":2,"column":48}},"2":{"start":{"line":3,"column":0},"end":{"line":3,"column":65}},"3":{"start":{"line":4,"column":0},"end":{"line":4,"column":28}},"4":{"start":{"line":5,"column":0},"end":{"line":5,"column":23}},"5":{"start":{"line":6,"column":0},"end":{"line":6,"column":41}},"6":{"start":{"line":7,"column":0},"end":{"line":7,"column":75}},"7":{"start":{"line":10,"column":14},"end":{"line":10,"column":49}},"8":{"start":{"line":12,"column":2},"end":{"line":12,"column":20}},"9":{"start":{"line":14,"column":2},"end":{"line":20,"column":4}},"10":{"start":{"line":22,"column":2},"end":{"line":22,"column":50}},"11":{"start":{"line":24,"column":2},"end":{"line":27,"column":5}},"12":{"start":{"line":29,"column":17},"end":{"line":34,"column":12}},"13":{"start":{"line":35,"column":19},"end":{"line":35,"column":60}},"14":{"start":{"line":36,"column":2},"end":{"line":36,"column":45}},"15":{"start":{"line":38,"column":2},"end":{"line":38,"column":49}},"16":{"start":{"line":40,"column":0},"end":{"line":40,"column":12}}},"fnMap":{"0":{"name":"bootstrap","decl":{"start":{"line":9,"column":15},"end":{"line":9,"column":24}},"loc":{"start":{"line":9,"column":24},"end":{"line":39,"column":1}}}},"branchMap":{"0":{"loc":{"start":{"line":25,"column":12},"end":{"line":25,"column":41}},"type":"binary-expr","locations":[{"start":{"line":25,"column":12},"end":{"line":25,"column":34}},{"start":{"line":25,"column":38},"end":{"line":25,"column":41}}]},"1":{"loc":{"start":{"line":38,"column":19},"end":{"line":38,"column":47}},"type":"binary-expr","locations":[{"start":{"line":38,"column":19},"end":{"line":38,"column":39}},{"start":{"line":38,"column":43},"end":{"line":38,"column":47}}]}},"s":{"0":0,"1":0,"2":0,"3":0,"4":0,"5":0,"6":0,"7":0,"8":0,"9":0,"10":0,"11":0,"12":0,"13":0,"14":0,"15":0,"16":0},"f":{"0":0},"b":{"0":[0,0],"1":[0,0]}}
,"/home/diego/Datos/proyectos/Prueba-full-stack/packages/backend/src/admin/admin.controller.ts": {"path":"/home/diego/Datos/proyectos/Prueba-full-stack/packages/backend/src/admin/admin.controller.ts","statementMap":{"0":{"start":{"line":1,"column":0},"end":{"line":1,"column":67}},"1":{"start":{"line":2,"column":0},"end":{"line":2,"column":47}},"2":{"start":{"line":3,"column":0},"end":{"line":3,"column":61}},"3":{"start":{"line":4,"column":0},"end":{"line":4,"column":56}},"4":{"start":{"line":5,"column":0},"end":{"line":5,"column":59}},"5":{"start":{"line":10,"column":7},"end":{"line":20,"column":null}},"6":{"start":{"line":11,"column":22},"end":{"line":11,"column":36}},"7":{"start":{"line":18,"column":4},"end":{"line":18,"column":50}},"8":{"start":{"line":10,"column":13},"end":{"line":10,"column":28}},"9":{"start":{"line":14,"column":8},"end":{"line":19,"column":null}},"10":{"start":{"line":10,"column":13},"end":{"line":20,"column":null}}},"fnMap":{"0":{"name":"(anonymous_4)","decl":{"start":{"line":11,"column":2},"end":{"line":11,"column":22}},"loc":{"start":{"line":11,"column":48},"end":{"line":11,"column":52}}},"1":{"name":"(anonymous_5)","decl":{"start":{"line":14,"column":8},"end":{"line":14,"column":18}},"loc":{"start":{"line":16,"column":28},"end":{"line":19,"column":3}}}},"branchMap":{"0":{"loc":{"start":{"line":11,"column":36},"end":{"line":11,"column":51}},"type":"cond-expr","locations":[{"start":{"line":11,"column":48},"end":{"line":11,"column":51}},{"start":{"line":11,"column":48},"end":{"line":11,"column":51}}]},"1":{"loc":{"start":{"line":11,"column":36},"end":{"line":11,"column":48}},"type":"binary-expr","locations":[{"start":{"line":11,"column":36},"end":{"line":11,"column":51}},{"start":{"line":11,"column":36},"end":{"line":11,"column":48}}]}},"s":{"0":0,"1":0,"2":0,"3":0,"4":0,"5":0,"6":0,"7":0,"8":0,"9":0,"10":0},"f":{"0":0,"1":0},"b":{"0":[0,0],"1":[0,0]}}
,"/home/diego/Datos/proyectos/Prueba-full-stack/packages/backend/src/admin/admin.module.ts": {"path":"/home/diego/Datos/proyectos/Prueba-full-stack/packages/backend/src/admin/admin.module.ts","statementMap":{"0":{"start":{"line":1,"column":0},"end":{"line":1,"column":40}},"1":{"start":{"line":2,"column":0},"end":{"line":2,"column":53}},"2":{"start":{"line":3,"column":0},"end":{"line":3,"column":47}},"3":{"start":{"line":10,"column":7},"end":{"line":10,"column":null}},"4":{"start":{"line":10,"column":13},"end":{"line":10,"column":24}},"5":{"start":{"line":10,"column":13},"end":{"line":10,"column":null}}},"fnMap":{},"branchMap":{},"s":{"0":0,"1":0,"2":0,"3":0,"4":0,"5":0},"f":{},"b":{}}
,"/home/diego/Datos/proyectos/Prueba-full-stack/packages/backend/src/admin/admin.service.ts": {"path":"/home/diego/Datos/proyectos/Prueba-full-stack/packages/backend/src/admin/admin.service.ts","statementMap":{"0":{"start":{"line":1,"column":0},"end":{"line":1,"column":64}},"1":{"start":{"line":2,"column":0},"end":{"line":2,"column":57}},"2":{"start":{"line":5,"column":7},"end":{"line":70,"column":null}},"3":{"start":{"line":6,"column":22},"end":{"line":6,"column":30}},"4":{"start":{"line":9,"column":28},"end":{"line":9,"column":30}},"5":{"start":{"line":10,"column":4},"end":{"line":14,"column":5}},"6":{"start":{"line":11,"column":6},"end":{"line":11,"column":32}},"7":{"start":{"line":12,"column":6},"end":{"line":12,"column":58}},"8":{"start":{"line":12,"column":16},"end":{"line":12,"column":58}},"9":{"start":{"line":13,"column":6},"end":{"line":13,"column":54}},"10":{"start":{"line":13,"column":14},"end":{"line":13,"column":54}},"11":{"start":{"line":16,"column":94},"end":{"line":37,"column":6}},"12":{"start":{"line":39,"column":18},"end":{"line":42,"column":12}},"13":{"start":{"line":39,"column":72},"end":{"line":42,"column":6}},"14":{"start":{"line":44,"column":24},"end":{"line":44,"column":51}},"15":{"start":{"line":45,"column":4},"end":{"line":50,"column":7}},"16":{"start":{"line":46,"column":18},"end":{"line":46,"column":53}},"17":{"start":{"line":47,"column":6},"end":{"line":49,"column":7}},"18":{"start":{"line":48,"column":8},"end":{"line":48,"column":72}},"19":{"start":{"line":52,"column":32},"end":{"line":56,"column":null}},"20":{"start":{"line":54,"column":23},"end":{"line":54,"column":114}},"21":{"start":{"line":55,"column":8},"end":{"line":55,"column":103}},"22":{"start":{"line":59,"column":4},"end":{"line":68,"column":6}},"23":{"start":{"line":5,"column":13},"end":{"line":5,"column":25}},"24":{"start":{"line":5,"column":13},"end":{"line":70,"column":null}}},"fnMap":{"0":{"name":"(anonymous_2)","decl":{"start":{"line":6,"column":2},"end":{"line":6,"column":22}},"loc":{"start":{"line":6,"column":43},"end":{"line":6,"column":47}}},"1":{"name":"(anonymous_3)","decl":{"start":{"line":8,"column":2},"end":{"line":8,"column":7}},"loc":{"start":{"line":8,"column":45},"end":{"line":69,"column":3}}},"2":{"name":"(anonymous_4)","decl":{"start":{"line":39,"column":57},"end":{"line":39,"column":58}},"loc":{"start":{"line":39,"column":72},"end":{"line":42,"column":6}}},"3":{"name":"(anonymous_5)","decl":{"start":{"line":45,"column":21},"end":{"line":45,"column":22}},"loc":{"start":{"line":45,"column":32},"end":{"line":50,"column":5}}},"4":{"name":"(anonymous_6)","decl":{"start":{"line":53,"column":21},"end":{"line":53,"column":26}},"loc":{"start":{"line":53,"column":38},"end":{"line":56,"column":7}}}},"branchMap":{"0":{"loc":{"start":{"line":10,"column":4},"end":{"line":14,"column":5}},"type":"if","locations":[{"start":{"line":10,"column":4},"end":{"line":14,"column":5}},{"start":{},"end":{}}]},"1":{"loc":{"start":{"line":10,"column":8},"end":{"line":10,"column":18}},"type":"binary-expr","locations":[{"start":{"line":10,"column":8},"end":{"line":10,"column":12}},{"start":{"line":10,"column":16},"end":{"line":10,"column":18}}]},"2":{"loc":{"start":{"line":12,"column":6},"end":{"line":12,"column":58}},"type":"if","locations":[{"start":{"line":12,"column":6},"end":{"line":12,"column":58}},{"start":{},"end":{}}]},"3":{"loc":{"start":{"line":13,"column":6},"end":{"line":13,"column":54}},"type":"if","locations":[{"start":{"line":13,"column":6},"end":{"line":13,"column":54}},{"start":{},"end":{}}]},"4":{"loc":{"start":{"line":39,"column":18},"end":{"line":42,"column":12}},"type":"cond-expr","locations":[{"start":{"line":39,"column":44},"end":{"line":42,"column":7}},{"start":{"line":42,"column":10},"end":{"line":42,"column":12}}]},"5":{"loc":{"start":{"line":40,"column":12},"end":{"line":40,"column":72}},"type":"cond-expr","locations":[{"start":{"line":40,"column":39},"end":{"line":40,"column":61}},{"start":{"line":40,"column":64},"end":{"line":40,"column":72}}]},"6":{"loc":{"start":{"line":46,"column":18},"end":{"line":46,"column":53}},"type":"binary-expr","locations":[{"start":{"line":46,"column":18},"end":{"line":46,"column":41}},{"start":{"line":46,"column":45},"end":{"line":46,"column":53}}]},"7":{"loc":{"start":{"line":47,"column":6},"end":{"line":49,"column":7}},"type":"if","locations":[{"start":{"line":47,"column":6},"end":{"line":49,"column":7}},{"start":{},"end":{}}]},"8":{"loc":{"start":{"line":47,"column":10},"end":{"line":47,"column":49}},"type":"binary-expr","locations":[{"start":{"line":47,"column":10},"end":{"line":47,"column":27}},{"start":{"line":47,"column":31},"end":{"line":47,"column":49}}]},"9":{"loc":{"start":{"line":55,"column":45},"end":{"line":55,"column":75}},"type":"binary-expr","locations":[{"start":{"line":55,"column":45},"end":{"line":55,"column":62}},{"start":{"line":55,"column":66},"end":{"line":55,"column":75}}]},"10":{"loc":{"start":{"line":6,"column":30},"end":{"line":6,"column":46}},"type":"cond-expr","locations":[{"start":{"line":6,"column":43},"end":{"line":6,"column":46}},{"start":{"line":6,"column":43},"end":{"line":6,"column":46}}]},"11":{"loc":{"start":{"line":6,"column":30},"end":{"line":6,"column":43}},"type":"binary-expr","locations":[{"start":{"line":6,"column":30},"end":{"line":6,"column":46}},{"start":{"line":6,"column":30},"end":{"line":6,"column":43}}]}},"s":{"0":0,"1":0,"2":0,"3":0,"4":0,"5":0,"6":0,"7":0,"8":0,"9":0,"10":0,"11":0,"12":0,"13":0,"14":0,"15":0,"16":0,"17":0,"18":0,"19":0,"20":0,"21":0,"22":0,"23":0,"24":0},"f":{"0":0,"1":0,"2":0,"3":0,"4":0},"b":{"0":[0,0],"1":[0,0],"2":[0,0],"3":[0,0],"4":[0,0],"5":[0,0],"6":[0,0],"7":[0,0],"8":[0,0],"9":[0,0],"10":[0,0],"11":[0,0]}}
,"/home/diego/Datos/proyectos/Prueba-full-stack/packages/backend/src/auth/auth.controller.ts": {"path":"/home/diego/Datos/proyectos/Prueba-full-stack/packages/backend/src/auth/auth.controller.ts","statementMap":{"0":{"start":{"line":1,"column":0},"end":{"line":1,"column":null}},"1":{"start":{"line":9,"column":0},"end":{"line":9,"column":45}},"2":{"start":{"line":10,"column":0},"end":{"line":10,"column":43}},"3":{"start":{"line":11,"column":0},"end":{"line":11,"column":49}},"4":{"start":{"line":12,"column":0},"end":{"line":12,"column":55}},"5":{"start":{"line":13,"column":0},"end":{"line":13,"column":66}},"6":{"start":{"line":16,"column":7},"end":{"line":46,"column":null}},"7":{"start":{"line":17,"column":22},"end":{"line":17,"column":35}},"8":{"start":{"line":21,"column":4},"end":{"line":21,"column":69}},"9":{"start":{"line":26,"column":4},"end":{"line":26,"column":50}},"10":{"start":{"line":31,"column":4},"end":{"line":31,"column":50}},"11":{"start":{"line":37,"column":4},"end":{"line":37,"column":52}},"12":{"start":{"line":43,"column":4},"end":{"line":43,"column":47}},"13":{"start":{"line":44,"column":4},"end":{"line":44,"column":41}},"14":{"start":{"line":16,"column":13},"end":{"line":16,"column":27}},"15":{"start":{"line":20,"column":8},"end":{"line":22,"column":null}},"16":{"start":{"line":25,"column":8},"end":{"line":27,"column":null}},"17":{"start":{"line":30,"column":8},"end":{"line":32,"column":null}},"18":{"start":{"line":36,"column":8},"end":{"line":38,"column":null}},"19":{"start":{"line":42,"column":8},"end":{"line":45,"column":null}},"20":{"start":{"line":16,"column":13},"end":{"line":46,"column":null}}},"fnMap":{"0":{"name":"(anonymous_4)","decl":{"start":{"line":17,"column":2},"end":{"line":17,"column":22}},"loc":{"start":{"line":17,"column":46},"end":{"line":17,"column":50}}},"1":{"name":"(anonymous_5)","decl":{"start":{"line":20,"column":8},"end":{"line":20,"column":13}},"loc":{"start":{"line":20,"column":40},"end":{"line":22,"column":3}}},"2":{"name":"(anonymous_6)","decl":{"start":{"line":25,"column":8},"end":{"line":25,"column":16}},"loc":{"start":{"line":25,"column":49},"end":{"line":27,"column":3}}},"3":{"name":"(anonymous_7)","decl":{"start":{"line":30,"column":8},"end":{"line":30,"column":15}},"loc":{"start":{"line":30,"column":58},"end":{"line":32,"column":3}}},"4":{"name":"(anonymous_8)","decl":{"start":{"line":36,"column":8},"end":{"line":36,"column":18}},"loc":{"start":{"line":36,"column":43},"end":{"line":38,"column":3}}},"5":{"name":"(anonymous_9)","decl":{"start":{"line":42,"column":8},"end":{"line":42,"column":14}},"loc":{"start":{"line":42,"column":39},"end":{"line":45,"column":3}}}},"branchMap":{"0":{"loc":{"start":{"line":20,"column":32},"end":{"line":20,"column":null}},"type":"cond-expr","locations":[{"start":{"line":20,"column":40},"end":{"line":20,"column":null}},{"start":{"line":20,"column":40},"end":{"line":20,"column":null}}]},"1":{"loc":{"start":{"line":20,"column":32},"end":{"line":20,"column":40}},"type":"binary-expr","locations":[{"start":{"line":20,"column":32},"end":{"line":20,"column":null}},{"start":{"line":20,"column":32},"end":{"line":20,"column":40}}]},"2":{"loc":{"start":{"line":25,"column":38},"end":{"line":25,"column":null}},"type":"cond-expr","locations":[{"start":{"line":25,"column":49},"end":{"line":25,"column":null}},{"start":{"line":25,"column":49},"end":{"line":25,"column":null}}]},"3":{"loc":{"start":{"line":25,"column":38},"end":{"line":25,"column":49}},"type":"binary-expr","locations":[{"start":{"line":25,"column":38},"end":{"line":25,"column":null}},{"start":{"line":25,"column":38},"end":{"line":25,"column":49}}]},"4":{"loc":{"start":{"line":17,"column":35},"end":{"line":17,"column":49}},"type":"cond-expr","locations":[{"start":{"line":17,"column":46},"end":{"line":17,"column":49}},{"start":{"line":17,"column":46},"end":{"line":17,"column":49}}]},"5":{"loc":{"start":{"line":17,"column":35},"end":{"line":17,"column":46}},"type":"binary-expr","locations":[{"start":{"line":17,"column":35},"end":{"line":17,"column":49}},{"start":{"line":17,"column":35},"end":{"line":17,"column":46}}]}},"s":{"0":0,"1":0,"2":0,"3":0,"4":0,"5":0,"6":0,"7":0,"8":0,"9":0,"10":0,"11":0,"12":0,"13":0,"14":0,"15":0,"16":0,"17":0,"18":0,"19":0,"20":0},"f":{"0":0,"1":0,"2":0,"3":0,"4":0,"5":0},"b":{"0":[0,0],"1":[0,0],"2":[0,0],"3":[0,0],"4":[0,0],"5":[0,0]}}
,"/home/diego/Datos/proyectos/Prueba-full-stack/packages/backend/src/auth/auth.module.ts": {"path":"/home/diego/Datos/proyectos/Prueba-full-stack/packages/backend/src/auth/auth.module.ts","statementMap":{"0":{"start":{"line":1,"column":0},"end":{"line":1,"column":40}},"1":{"start":{"line":2,"column":0},"end":{"line":2,"column":40}},"2":{"start":{"line":3,"column":0},"end":{"line":3,"column":50}},"3":{"start":{"line":4,"column":0},"end":{"line":4,"column":51}},"4":{"start":{"line":5,"column":0},"end":{"line":5,"column":45}},"5":{"start":{"line":6,"column":0},"end":{"line":6,"column":56}},"6":{"start":{"line":7,"column":0},"end":{"line":7,"column":64}},"7":{"start":{"line":8,"column":0},"end":{"line":8,"column":50}},"8":{"start":{"line":9,"column":0},"end":{"line":9,"column":55}},"9":{"start":{"line":10,"column":0},"end":{"line":10,"column":57}},"10":{"start":{"line":31,"column":7},"end":{"line":31,"column":null}},"11":{"start":{"line":31,"column":13},"end":{"line":31,"column":23}},"12":{"start":{"line":31,"column":13},"end":{"line":31,"column":null}}},"fnMap":{},"branchMap":{"0":{"loc":{"start":{"line":16,"column":14},"end":{"line":16,"column":63}},"type":"binary-expr","locations":[{"start":{"line":16,"column":14},"end":{"line":16,"column":43}},{"start":{"line":16,"column":47},"end":{"line":16,"column":63}}]}},"s":{"0":0,"1":0,"2":0,"3":0,"4":0,"5":0,"6":0,"7":0,"8":0,"9":0,"10":0,"11":0,"12":0},"f":{},"b":{"0":[0,0]}}
,"/home/diego/Datos/proyectos/Prueba-full-stack/packages/backend/src/auth/auth.service.ts": {"path":"/home/diego/Datos/proyectos/Prueba-full-stack/packages/backend/src/auth/auth.service.ts","statementMap":{"0":{"start":{"line":1,"column":0},"end":{"line":1,"column":null}},"1":{"start":{"line":7,"column":0},"end":{"line":7,"column":41}},"2":{"start":{"line":8,"column":0},"end":{"line":8,"column":33}},"3":{"start":{"line":9,"column":0},"end":{"line":9,"column":57}},"4":{"start":{"line":13,"column":7},"end":{"line":212,"column":null}},"5":{"start":{"line":15,"column":12},"end":{"line":15,"column":20}},"6":{"start":{"line":16,"column":12},"end":{"line":16,"column":24}},"7":{"start":{"line":20,"column":17},"end":{"line":23,"column":6}},"8":{"start":{"line":25,"column":4},"end":{"line":27,"column":5}},"9":{"start":{"line":26,"column":6},"end":{"line":26,"column":18}},"10":{"start":{"line":29,"column":28},"end":{"line":29,"column":73}},"11":{"start":{"line":30,"column":4},"end":{"line":32,"column":5}},"12":{"start":{"line":31,"column":6},"end":{"line":31,"column":18}},"13":{"start":{"line":34,"column":4},"end":{"line":34,"column":16}},"14":{"start":{"line":38,"column":17},"end":{"line":38,"column":57}},"15":{"start":{"line":39,"column":4},"end":{"line":41,"column":5}},"16":{"start":{"line":40,"column":6},"end":{"line":40,"column":64}},"17":{"start":{"line":43,"column":19},"end":{"line":43,"column":64}},"18":{"start":{"line":44,"column":4},"end":{"line":44,"column":62}},"19":{"start":{"line":46,"column":4},"end":{"line":55,"column":6}},"20":{"start":{"line":59,"column":25},"end":{"line":61,"column":6}},"21":{"start":{"line":63,"column":4},"end":{"line":65,"column":5}},"22":{"start":{"line":64,"column":6},"end":{"line":64,"column":65}},"23":{"start":{"line":67,"column":4},"end":{"line":69,"column":5}},"24":{"start":{"line":68,"column":6},"end":{"line":68,"column":74}},"25":{"start":{"line":71,"column":27},"end":{"line":71,"column":63}},"26":{"start":{"line":73,"column":17},"end":{"line":98,"column":6}},"27":{"start":{"line":100,"column":19},"end":{"line":100,"column":64}},"28":{"start":{"line":101,"column":4},"end":{"line":101,"column":62}},"29":{"start":{"line":103,"column":4},"end":{"line":112,"column":6}},"30":{"start":{"line":116,"column":4},"end":{"line":154,"column":5}},"31":{"start":{"line":117,"column":22},"end":{"line":119,"column":8}},"32":{"start":{"line":121,"column":26},"end":{"line":127,"column":8}},"33":{"start":{"line":129,"column":6},"end":{"line":131,"column":7}},"34":{"start":{"line":130,"column":8},"end":{"line":130,"column":66}},"35":{"start":{"line":133,"column":6},"end":{"line":135,"column":9}},"36":{"start":{"line":137,"column":19},"end":{"line":139,"column":8}},"37":{"start":{"line":141,"column":6},"end":{"line":143,"column":7}},"38":{"start":{"line":142,"column":8},"end":{"line":142,"column":65}},"39":{"start":{"line":145,"column":21},"end":{"line":145,"column":66}},"40":{"start":{"line":146,"column":6},"end":{"line":146,"column":64}},"41":{"start":{"line":148,"column":6},"end":{"line":151,"column":8}},"42":{"start":{"line":153,"column":6},"end":{"line":153,"column":64}},"43":{"start":{"line":158,"column":4},"end":{"line":160,"column":7}},"44":{"start":{"line":164,"column":17},"end":{"line":167,"column":6}},"45":{"start":{"line":169,"column":4},"end":{"line":171,"column":5}},"46":{"start":{"line":170,"column":6},"end":{"line":170,"column":63}},"47":{"start":{"line":173,"column":4},"end":{"line":181,"column":6}},"48":{"start":{"line":185,"column":20},"end":{"line":185,"column":41}},"49":{"start":{"line":187,"column":24},"end":{"line":190,"column":6}},"50":{"start":{"line":192,"column":25},"end":{"line":195,"column":6}},"51":{"start":{"line":197,"column":4},"end":{"line":197,"column":41}},"52":{"start":{"line":201,"column":22},"end":{"line":201,"column":32}},"53":{"start":{"line":202,"column":4},"end":{"line":202,"column":47}},"54":{"start":{"line":204,"column":4},"end":{"line":210,"column":7}},"55":{"start":{"line":13,"column":13},"end":{"line":13,"column":24}},"56":{"start":{"line":13,"column":13},"end":{"line":212,"column":null}}},"fnMap":{"0":{"name":"(anonymous_11)","decl":{"start":{"line":14,"column":2},"end":{"line":14,"column":null}},"loc":{"start":{"line":16,"column":34},"end":{"line":17,"column":6}}},"1":{"name":"(anonymous_12)","decl":{"start":{"line":19,"column":2},"end":{"line":19,"column":7}},"loc":{"start":{"line":19,"column":52},"end":{"line":35,"column":3}}},"2":{"name":"(anonymous_13)","decl":{"start":{"line":37,"column":2},"end":{"line":37,"column":7}},"loc":{"start":{"line":37,"column":45},"end":{"line":56,"column":3}}},"3":{"name":"(anonymous_14)","decl":{"start":{"line":58,"column":2},"end":{"line":58,"column":7}},"loc":{"start":{"line":58,"column":34},"end":{"line":113,"column":3}}},"4":{"name":"(anonymous_15)","decl":{"start":{"line":115,"column":2},"end":{"line":115,"column":7}},"loc":{"start":{"line":115,"column":36},"end":{"line":155,"column":3}}},"5":{"name":"(anonymous_16)","decl":{"start":{"line":157,"column":2},"end":{"line":157,"column":7}},"loc":{"start":{"line":157,"column":29},"end":{"line":161,"column":3}}},"6":{"name":"(anonymous_17)","decl":{"start":{"line":163,"column":2},"end":{"line":163,"column":7}},"loc":{"start":{"line":163,"column":33},"end":{"line":182,"column":3}}},"7":{"name":"(anonymous_18)","decl":{"start":{"line":184,"column":10},"end":{"line":184,"column":15}},"loc":{"start":{"line":184,"column":59},"end":{"line":198,"column":3}}},"8":{"name":"(anonymous_19)","decl":{"start":{"line":200,"column":10},"end":{"line":200,"column":15}},"loc":{"start":{"line":200,"column":62},"end":{"line":211,"column":3}}}},"branchMap":{"0":{"loc":{"start":{"line":25,"column":4},"end":{"line":27,"column":5}},"type":"if","locations":[{"start":{"line":25,"column":4},"end":{"line":27,"column":5}},{"start":{},"end":{}}]},"1":{"loc":{"start":{"line":30,"column":4},"end":{"line":32,"column":5}},"type":"if","locations":[{"start":{"line":30,"column":4},"end":{"line":32,"column":5}},{"start":{},"end":{}}]},"2":{"loc":{"start":{"line":39,"column":4},"end":{"line":41,"column":5}},"type":"if","locations":[{"start":{"line":39,"column":4},"end":{"line":41,"column":5}},{"start":{},"end":{}}]},"3":{"loc":{"start":{"line":63,"column":4},"end":{"line":65,"column":5}},"type":"if","locations":[{"start":{"line":63,"column":4},"end":{"line":65,"column":5}},{"start":{},"end":{}}]},"4":{"loc":{"start":{"line":67,"column":4},"end":{"line":69,"column":5}},"type":"if","locations":[{"start":{"line":67,"column":4},"end":{"line":69,"column":5}},{"start":{},"end":{}}]},"5":{"loc":{"start":{"line":79,"column":12},"end":{"line":95,"column":16}},"type":"cond-expr","locations":[{"start":{"line":80,"column":12},"end":{"line":86,"column":null}},{"start":{"line":87,"column":12},"end":{"line":95,"column":16}}]},"6":{"loc":{"start":{"line":83,"column":29},"end":{"line":83,"column":51}},"type":"binary-expr","locations":[{"start":{"line":83,"column":29},"end":{"line":83,"column":43}},{"start":{"line":83,"column":47},"end":{"line":83,"column":51}}]},"7":{"loc":{"start":{"line":87,"column":12},"end":{"line":95,"column":16}},"type":"cond-expr","locations":[{"start":{"line":88,"column":14},"end":{"line":94,"column":null}},{"start":{"line":95,"column":14},"end":{"line":95,"column":16}}]},"8":{"loc":{"start":{"line":91,"column":31},"end":{"line":91,"column":79}},"type":"cond-expr","locations":[{"start":{"line":91,"column":48},"end":{"line":91,"column":72}},{"start":{"line":91,"column":75},"end":{"line":91,"column":79}}]},"9":{"loc":{"start":{"line":118,"column":16},"end":{"line":118,"column":74}},"type":"binary-expr","locations":[{"start":{"line":118,"column":16},"end":{"line":118,"column":46}},{"start":{"line":118,"column":50},"end":{"line":118,"column":74}}]},"10":{"loc":{"start":{"line":129,"column":6},"end":{"line":131,"column":7}},"type":"if","locations":[{"start":{"line":129,"column":6},"end":{"line":131,"column":7}},{"start":{},"end":{}}]},"11":{"loc":{"start":{"line":141,"column":6},"end":{"line":143,"column":7}},"type":"if","locations":[{"start":{"line":141,"column":6},"end":{"line":143,"column":7}},{"start":{},"end":{}}]},"12":{"loc":{"start":{"line":169,"column":4},"end":{"line":171,"column":5}},"type":"if","locations":[{"start":{"line":169,"column":4},"end":{"line":171,"column":5}},{"start":{},"end":{}}]},"13":{"loc":{"start":{"line":188,"column":14},"end":{"line":188,"column":63}},"type":"binary-expr","locations":[{"start":{"line":188,"column":14},"end":{"line":188,"column":43}},{"start":{"line":188,"column":47},"end":{"line":188,"column":63}}]},"14":{"loc":{"start":{"line":193,"column":14},"end":{"line":193,"column":72}},"type":"binary-expr","locations":[{"start":{"line":193,"column":14},"end":{"line":193,"column":44}},{"start":{"line":193,"column":48},"end":{"line":193,"column":72}}]},"15":{"loc":{"start":{"line":15,"column":20},"end":{"line":15,"column":null}},"type":"cond-expr","locations":[{"start":{"line":15,"column":33},"end":{"line":15,"column":null}},{"start":{"line":15,"column":33},"end":{"line":15,"column":null}}]},"16":{"loc":{"start":{"line":15,"column":20},"end":{"line":15,"column":33}},"type":"binary-expr","locations":[{"start":{"line":15,"column":20},"end":{"line":15,"column":null}},{"start":{"line":15,"column":20},"end":{"line":15,"column":33}}]},"17":{"loc":{"start":{"line":15,"column":33},"end":{"line":16,"column":null}},"type":"cond-expr","locations":[{"start":{"line":16,"column":34},"end":{"line":16,"column":null}},{"start":{"line":16,"column":34},"end":{"line":16,"column":null}}]},"18":{"loc":{"start":{"line":15,"column":33},"end":{"line":16,"column":34}},"type":"binary-expr","locations":[{"start":{"line":15,"column":33},"end":{"line":16,"column":null}},{"start":{"line":16,"column":24},"end":{"line":16,"column":34}}]}},"s":{"0":1,"1":1,"2":1,"3":1,"4":1,"5":10,"6":10,"7":5,"8":5,"9":2,"10":3,"11":3,"12":1,"13":2,"14":2,"15":2,"16":1,"17":1,"18":1,"19":1,"20":2,"21":2,"22":1,"23":1,"24":0,"25":1,"26":1,"27":1,"28":1,"29":1,"30":2,"31":2,"32":2,"33":2,"34":1,"35":1,"36":1,"37":1,"38":0,"39":1,"40":1,"41":1,"42":1,"43":1,"44":0,"45":0,"46":0,"47":0,"48":3,"49":3,"50":3,"51":3,"52":3,"53":3,"54":3,"55":1,"56":1},"f":{"0":10,"1":5,"2":2,"3":2,"4":2,"5":1,"6":0,"7":3,"8":3},"b":{"0":[2,3],"1":[1,2],"2":[1,1],"3":[1,1],"4":[0,1],"5":[1,0],"6":[1,0],"7":[0,0],"8":[0,0],"9":[2,0],"10":[1,1],"11":[0,1],"12":[0,0],"13":[3,0],"14":[3,0],"15":[1,0],"16":[1,1],"17":[1,0],"18":[1,1]}}
,"/home/diego/Datos/proyectos/Prueba-full-stack/packages/backend/src/auth/decorators/current-user.decorator.ts": {"path":"/home/diego/Datos/proyectos/Prueba-full-stack/packages/backend/src/auth/decorators/current-user.decorator.ts","statementMap":{"0":{"start":{"line":1,"column":0},"end":{"line":1,"column":72}},"1":{"start":{"line":3,"column":13},"end":{"line":8,"column":2}},"2":{"start":{"line":5,"column":20},"end":{"line":5,"column":51}},"3":{"start":{"line":6,"column":4},"end":{"line":6,"column":24}}},"fnMap":{"0":{"name":"(anonymous_0)","decl":{"start":{"line":4,"column":2},"end":{"line":4,"column":3}},"loc":{"start":{"line":4,"column":43},"end":{"line":7,"column":3}}}},"branchMap":{},"s":{"0":0,"1":0,"2":0,"3":0},"f":{"0":0},"b":{}}
,"/home/diego/Datos/proyectos/Prueba-full-stack/packages/backend/src/auth/decorators/roles.decorator.ts": {"path":"/home/diego/Datos/proyectos/Prueba-full-stack/packages/backend/src/auth/decorators/roles.decorator.ts","statementMap":{"0":{"start":{"line":1,"column":0},"end":{"line":1,"column":45}},"1":{"start":{"line":3,"column":13},"end":{"line":3,"column":33}},"2":{"start":{"line":4,"column":21},"end":{"line":4,"column":74}},"3":{"start":{"line":4,"column":45},"end":{"line":4,"column":74}},"4":{"start":{"line":4,"column":13},"end":{"line":4,"column":21}}},"fnMap":{"0":{"name":"(anonymous_0)","decl":{"start":{"line":4,"column":21},"end":{"line":4,"column":22}},"loc":{"start":{"line":4,"column":45},"end":{"line":4,"column":74}}}},"branchMap":{},"s":{"0":0,"1":0,"2":0,"3":0,"4":0},"f":{"0":0},"b":{}}
,"/home/diego/Datos/proyectos/Prueba-full-stack/packages/backend/src/auth/dto/login.dto.ts": {"path":"/home/diego/Datos/proyectos/Prueba-full-stack/packages/backend/src/auth/dto/login.dto.ts","statementMap":{"0":{"start":{"line":1,"column":0},"end":{"line":1,"column":65}},"1":{"start":{"line":3,"column":0},"end":{"line":3,"column":13}},"2":{"start":{"line":5,"column":2},"end":{"line":5,"column":null}},"3":{"start":{"line":9,"column":2},"end":{"line":9,"column":null}}},"fnMap":{},"branchMap":{},"s":{"0":0,"1":0,"2":0,"3":0},"f":{},"b":{}}
,"/home/diego/Datos/proyectos/Prueba-full-stack/packages/backend/src/auth/dto/register.dto.ts": {"path":"/home/diego/Datos/proyectos/Prueba-full-stack/packages/backend/src/auth/dto/register.dto.ts","statementMap":{"0":{"start":{"line":1,"column":0},"end":{"line":1,"column":null}},"1":{"start":{"line":10,"column":0},"end":{"line":10,"column":13}},"2":{"start":{"line":12,"column":2},"end":{"line":12,"column":null}},"3":{"start":{"line":16,"column":2},"end":{"line":16,"column":null}},"4":{"start":{"line":19,"column":2},"end":{"line":19,"column":null}},"5":{"start":{"line":22,"column":2},"end":{"line":22,"column":null}},"6":{"start":{"line":25,"column":2},"end":{"line":25,"column":null}},"7":{"start":{"line":29,"column":2},"end":{"line":29,"column":null}}},"fnMap":{},"branchMap":{},"s":{"0":0,"1":0,"2":0,"3":0,"4":0,"5":0,"6":0,"7":0},"f":{},"b":{}}
,"/home/diego/Datos/proyectos/Prueba-full-stack/packages/backend/src/auth/filters/http-exception.filter.ts": {"path":"/home/diego/Datos/proyectos/Prueba-full-stack/packages/backend/src/auth/filters/http-exception.filter.ts","statementMap":{"0":{"start":{"line":1,"column":0},"end":{"line":1,"column":null}},"1":{"start":{"line":11,"column":7},"end":{"line":30,"column":null}},"2":{"start":{"line":13,"column":16},"end":{"line":13,"column":35}},"3":{"start":{"line":14,"column":21},"end":{"line":14,"column":48}},"4":{"start":{"line":16,"column":20},"end":{"line":16,"column":67}},"5":{"start":{"line":17,"column":19},"end":{"line":17,"column":40}},"6":{"start":{"line":20,"column":6},"end":{"line":22,"column":55}},"7":{"start":{"line":24,"column":4},"end":{"line":28,"column":7}},"8":{"start":{"line":11,"column":13},"end":{"line":11,"column":32}},"9":{"start":{"line":11,"column":13},"end":{"line":30,"column":null}}},"fnMap":{"0":{"name":"(anonymous_1)","decl":{"start":{"line":12,"column":2},"end":{"line":12,"column":7}},"loc":{"start":{"line":12,"column":53},"end":{"line":29,"column":3}}}},"branchMap":{"0":{"loc":{"start":{"line":20,"column":6},"end":{"line":22,"column":55}},"type":"cond-expr","locations":[{"start":{"line":21,"column":10},"end":{"line":21,"column":17}},{"start":{"line":22,"column":11},"end":{"line":22,"column":55}}]},"1":{"loc":{"start":{"line":22,"column":11},"end":{"line":22,"column":55}},"type":"binary-expr","locations":[{"start":{"line":22,"column":11},"end":{"line":22,"column":34}},{"start":{"line":22,"column":38},"end":{"line":22,"column":55}}]}},"s":{"0":0,"1":0,"2":0,"3":0,"4":0,"5":0,"6":0,"7":0,"8":0,"9":0},"f":{"0":0},"b":{"0":[0,0],"1":[0,0]}}
,"/home/diego/Datos/proyectos/Prueba-full-stack/packages/backend/src/auth/guards/jwt-auth.guard.ts": {"path":"/home/diego/Datos/proyectos/Prueba-full-stack/packages/backend/src/auth/guards/jwt-auth.guard.ts","statementMap":{"0":{"start":{"line":1,"column":0},"end":{"line":1,"column":85}},"1":{"start":{"line":2,"column":0},"end":{"line":2,"column":45}},"2":{"start":{"line":3,"column":0},"end":{"line":3,"column":41}},"3":{"start":{"line":6,"column":7},"end":{"line":21,"column":null}},"4":{"start":{"line":8,"column":4},"end":{"line":8,"column":12}},"5":{"start":{"line":7,"column":22},"end":{"line":7,"column":33}},"6":{"start":{"line":12,"column":4},"end":{"line":12,"column":38}},"7":{"start":{"line":16,"column":4},"end":{"line":18,"column":5}},"8":{"start":{"line":17,"column":6},"end":{"line":17,"column":61}},"9":{"start":{"line":19,"column":4},"end":{"line":19,"column":16}},"10":{"start":{"line":6,"column":13},"end":{"line":6,"column":25}},"11":{"start":{"line":6,"column":13},"end":{"line":21,"column":null}}},"fnMap":{"0":{"name":"(anonymous_2)","decl":{"start":{"line":7,"column":2},"end":{"line":7,"column":22}},"loc":{"start":{"line":7,"column":42},"end":{"line":9,"column":3}}},"1":{"name":"(anonymous_3)","decl":{"start":{"line":11,"column":2},"end":{"line":11,"column":13}},"loc":{"start":{"line":11,"column":39},"end":{"line":13,"column":3}}},"2":{"name":"(anonymous_4)","decl":{"start":{"line":15,"column":2},"end":{"line":15,"column":15}},"loc":{"start":{"line":15,"column":46},"end":{"line":20,"column":3}}}},"branchMap":{"0":{"loc":{"start":{"line":16,"column":4},"end":{"line":18,"column":5}},"type":"if","locations":[{"start":{"line":16,"column":4},"end":{"line":18,"column":5}},{"start":{},"end":{}}]},"1":{"loc":{"start":{"line":16,"column":8},"end":{"line":16,"column":20}},"type":"binary-expr","locations":[{"start":{"line":16,"column":8},"end":{"line":16,"column":11}},{"start":{"line":16,"column":15},"end":{"line":16,"column":20}}]},"2":{"loc":{"start":{"line":17,"column":12},"end":{"line":17,"column":60}},"type":"binary-expr","locations":[{"start":{"line":17,"column":12},"end":{"line":17,"column":15}},{"start":{"line":17,"column":19},"end":{"line":17,"column":60}}]},"3":{"loc":{"start":{"line":7,"column":33},"end":{"line":7,"column":null}},"type":"cond-expr","locations":[{"start":{"line":7,"column":42},"end":{"line":7,"column":null}},{"start":{"line":7,"column":42},"end":{"line":7,"column":null}}]},"4":{"loc":{"start":{"line":7,"column":33},"end":{"line":7,"column":42}},"type":"binary-expr","locations":[{"start":{"line":7,"column":33},"end":{"line":7,"column":null}},{"start":{"line":7,"column":33},"end":{"line":7,"column":42}}]}},"s":{"0":0,"1":0,"2":0,"3":0,"4":0,"5":0,"6":0,"7":0,"8":0,"9":0,"10":0,"11":0},"f":{"0":0,"1":0,"2":0},"b":{"0":[0,0],"1":[0,0],"2":[0,0],"3":[0,0],"4":[0,0]}}
,"/home/diego/Datos/proyectos/Prueba-full-stack/packages/backend/src/auth/guards/roles.guard.ts": {"path":"/home/diego/Datos/proyectos/Prueba-full-stack/packages/backend/src/auth/guards/roles.guard.ts","statementMap":{"0":{"start":{"line":1,"column":0},"end":{"line":1,"column":75}},"1":{"start":{"line":2,"column":0},"end":{"line":2,"column":41}},"2":{"start":{"line":3,"column":0},"end":{"line":3,"column":58}},"3":{"start":{"line":6,"column":7},"end":{"line":31,"column":null}},"4":{"start":{"line":7,"column":22},"end":{"line":7,"column":33}},"5":{"start":{"line":10,"column":26},"end":{"line":12,"column":null}},"6":{"start":{"line":15,"column":4},"end":{"line":17,"column":5}},"7":{"start":{"line":16,"column":6},"end":{"line":16,"column":18}},"8":{"start":{"line":19,"column":21},"end":{"line":19,"column":56}},"9":{"start":{"line":21,"column":4},"end":{"line":23,"column":5}},"10":{"start":{"line":22,"column":6},"end":{"line":22,"column":19}},"11":{"start":{"line":25,"column":4},"end":{"line":27,"column":5}},"12":{"start":{"line":26,"column":6},"end":{"line":26,"column":18}},"13":{"start":{"line":29,"column":4},"end":{"line":29,"column":45}},"14":{"start":{"line":6,"column":13},"end":{"line":6,"column":23}},"15":{"start":{"line":6,"column":13},"end":{"line":31,"column":null}}},"fnMap":{"0":{"name":"(anonymous_2)","decl":{"start":{"line":7,"column":2},"end":{"line":7,"column":22}},"loc":{"start":{"line":7,"column":42},"end":{"line":7,"column":46}}},"1":{"name":"(anonymous_3)","decl":{"start":{"line":9,"column":2},"end":{"line":9,"column":13}},"loc":{"start":{"line":9,"column":39},"end":{"line":30,"column":3}}}},"branchMap":{"0":{"loc":{"start":{"line":15,"column":4},"end":{"line":17,"column":5}},"type":"if","locations":[{"start":{"line":15,"column":4},"end":{"line":17,"column":5}},{"start":{},"end":{}}]},"1":{"loc":{"start":{"line":21,"column":4},"end":{"line":23,"column":5}},"type":"if","locations":[{"start":{"line":21,"column":4},"end":{"line":23,"column":5}},{"start":{},"end":{}}]},"2":{"loc":{"start":{"line":25,"column":4},"end":{"line":27,"column":5}},"type":"if","locations":[{"start":{"line":25,"column":4},"end":{"line":27,"column":5}},{"start":{},"end":{}}]},"3":{"loc":{"start":{"line":7,"column":33},"end":{"line":7,"column":45}},"type":"cond-expr","locations":[{"start":{"line":7,"column":42},"end":{"line":7,"column":45}},{"start":{"line":7,"column":42},"end":{"line":7,"column":45}}]},"4":{"loc":{"start":{"line":7,"column":33},"end":{"line":7,"column":42}},"type":"binary-expr","locations":[{"start":{"line":7,"column":33},"end":{"line":7,"column":45}},{"start":{"line":7,"column":33},"end":{"line":7,"column":42}}]}},"s":{"0":0,"1":0,"2":0,"3":0,"4":0,"5":0,"6":0,"7":0,"8":0,"9":0,"10":0,"11":0,"12":0,"13":0,"14":0,"15":0},"f":{"0":0,"1":0},"b":{"0":[0,0],"1":[0,0],"2":[0,0],"3":[0,0],"4":[0,0]}}
,"/home/diego/Datos/proyectos/Prueba-full-stack/packages/backend/src/auth/services/token-blacklist.service.ts": {"path":"/home/diego/Datos/proyectos/Prueba-full-stack/packages/backend/src/auth/services/token-blacklist.service.ts","statementMap":{"0":{"start":{"line":1,"column":0},"end":{"line":1,"column":44}},"1":{"start":{"line":4,"column":7},"end":{"line":31,"column":null}},"2":{"start":{"line":5,"column":22},"end":{"line":5,"column":39}},"3":{"start":{"line":8,"column":4},"end":{"line":8,"column":30}},"4":{"start":{"line":12,"column":4},"end":{"line":12,"column":37}},"5":{"start":{"line":16,"column":16},"end":{"line":16,"column":26}},"6":{"start":{"line":17,"column":4},"end":{"line":29,"column":7}},"7":{"start":{"line":18,"column":26},"end":{"line":18,"column":42}},"8":{"start":{"line":19,"column":6},"end":{"line":28,"column":7}},"9":{"start":{"line":20,"column":8},"end":{"line":27,"column":9}},"10":{"start":{"line":21,"column":26},"end":{"line":21,"column":79}},"11":{"start":{"line":22,"column":10},"end":{"line":24,"column":11}},"12":{"start":{"line":23,"column":12},"end":{"line":23,"column":41}},"13":{"start":{"line":26,"column":10},"end":{"line":26,"column":39}},"14":{"start":{"line":4,"column":13},"end":{"line":4,"column":34}},"15":{"start":{"line":4,"column":13},"end":{"line":31,"column":null}}},"fnMap":{"0":{"name":"(anonymous_1)","decl":{"start":{"line":7,"column":2},"end":{"line":7,"column":5}},"loc":{"start":{"line":7,"column":19},"end":{"line":9,"column":3}}},"1":{"name":"(anonymous_2)","decl":{"start":{"line":11,"column":2},"end":{"line":11,"column":15}},"loc":{"start":{"line":11,"column":29},"end":{"line":13,"column":3}}},"2":{"name":"(anonymous_3)","decl":{"start":{"line":15,"column":2},"end":{"line":15,"column":21}},"loc":{"start":{"line":15,"column":39},"end":{"line":30,"column":3}}},"3":{"name":"(anonymous_4)","decl":{"start":{"line":17,"column":27},"end":{"line":17,"column":28}},"loc":{"start":{"line":17,"column":37},"end":{"line":29,"column":5}}}},"branchMap":{"0":{"loc":{"start":{"line":19,"column":6},"end":{"line":28,"column":7}},"type":"if","locations":[{"start":{"line":19,"column":6},"end":{"line":28,"column":7}},{"start":{},"end":{}}]},"1":{"loc":{"start":{"line":22,"column":10},"end":{"line":24,"column":11}},"type":"if","locations":[{"start":{"line":22,"column":10},"end":{"line":24,"column":11}},{"start":{},"end":{}}]}},"s":{"0":0,"1":0,"2":0,"3":0,"4":0,"5":0,"6":0,"7":0,"8":0,"9":0,"10":0,"11":0,"12":0,"13":0,"14":0,"15":0},"f":{"0":0,"1":0,"2":0,"3":0},"b":{"0":[0,0],"1":[0,0]}}
,"/home/diego/Datos/proyectos/Prueba-full-stack/packages/backend/src/auth/strategies/jwt.strategy.ts": {"path":"/home/diego/Datos/proyectos/Prueba-full-stack/packages/backend/src/auth/strategies/jwt.strategy.ts","statementMap":{"0":{"start":{"line":1,"column":0},"end":{"line":1,"column":44}},"1":{"start":{"line":2,"column":0},"end":{"line":2,"column":52}},"2":{"start":{"line":3,"column":0},"end":{"line":3,"column":52}},"3":{"start":{"line":11,"column":7},"end":{"line":23,"column":null}},"4":{"start":{"line":13,"column":4},"end":{"line":17,"column":7}},"5":{"start":{"line":21,"column":4},"end":{"line":21,"column":55}},"6":{"start":{"line":11,"column":13},"end":{"line":11,"column":24}},"7":{"start":{"line":11,"column":13},"end":{"line":23,"column":null}}},"fnMap":{"0":{"name":"(anonymous_2)","decl":{"start":{"line":12,"column":2},"end":{"line":12,"column":null}},"loc":{"start":{"line":12,"column":2},"end":{"line":18,"column":3}}},"1":{"name":"(anonymous_3)","decl":{"start":{"line":20,"column":2},"end":{"line":20,"column":7}},"loc":{"start":{"line":20,"column":36},"end":{"line":22,"column":3}}}},"branchMap":{"0":{"loc":{"start":{"line":16,"column":19},"end":{"line":16,"column":68}},"type":"binary-expr","locations":[{"start":{"line":16,"column":19},"end":{"line":16,"column":48}},{"start":{"line":16,"column":52},"end":{"line":16,"column":68}}]}},"s":{"0":0,"1":0,"2":0,"3":0,"4":0,"5":0,"6":0,"7":0},"f":{"0":0,"1":0},"b":{"0":[0,0]}}
,"/home/diego/Datos/proyectos/Prueba-full-stack/packages/backend/src/auth/strategies/refresh.strategy.ts": {"path":"/home/diego/Datos/proyectos/Prueba-full-stack/packages/backend/src/auth/strategies/refresh.strategy.ts","statementMap":{"0":{"start":{"line":1,"column":0},"end":{"line":1,"column":44}},"1":{"start":{"line":2,"column":0},"end":{"line":2,"column":52}},"2":{"start":{"line":3,"column":0},"end":{"line":3,"column":52}},"3":{"start":{"line":11,"column":7},"end":{"line":23,"column":null}},"4":{"start":{"line":13,"column":4},"end":{"line":17,"column":7}},"5":{"start":{"line":21,"column":4},"end":{"line":21,"column":55}},"6":{"start":{"line":11,"column":13},"end":{"line":11,"column":28}},"7":{"start":{"line":11,"column":13},"end":{"line":23,"column":null}}},"fnMap":{"0":{"name":"(anonymous_2)","decl":{"start":{"line":12,"column":2},"end":{"line":12,"column":null}},"loc":{"start":{"line":12,"column":2},"end":{"line":18,"column":3}}},"1":{"name":"(anonymous_3)","decl":{"start":{"line":20,"column":2},"end":{"line":20,"column":7}},"loc":{"start":{"line":20,"column":36},"end":{"line":22,"column":3}}}},"branchMap":{"0":{"loc":{"start":{"line":16,"column":19},"end":{"line":16,"column":77}},"type":"binary-expr","locations":[{"start":{"line":16,"column":19},"end":{"line":16,"column":49}},{"start":{"line":16,"column":53},"end":{"line":16,"column":77}}]}},"s":{"0":0,"1":0,"2":0,"3":0,"4":0,"5":0,"6":0,"7":0},"f":{"0":0,"1":0},"b":{"0":[0,0]}}
,"/home/diego/Datos/proyectos/Prueba-full-stack/packages/backend/src/prescriptions/patient-prescriptions.controller.ts": {"path":"/home/diego/Datos/proyectos/Prueba-full-stack/packages/backend/src/prescriptions/patient-prescriptions.controller.ts","statementMap":{"0":{"start":{"line":1,"column":0},"end":{"line":1,"column":89}},"1":{"start":{"line":3,"column":0},"end":{"line":3,"column":63}},"2":{"start":{"line":4,"column":0},"end":{"line":4,"column":61}},"3":{"start":{"line":5,"column":0},"end":{"line":5,"column":72}},"4":{"start":{"line":6,"column":0},"end":{"line":6,"column":43}},"5":{"start":{"line":10,"column":7},"end":{"line":47,"column":null}},"6":{"start":{"line":12,"column":12},"end":{"line":12,"column":34}},"7":{"start":{"line":13,"column":12},"end":{"line":13,"column":24}},"8":{"start":{"line":23,"column":4},"end":{"line":27,"column":7}},"9":{"start":{"line":32,"column":4},"end":{"line":32,"column":62}},"10":{"start":{"line":41,"column":25},"end":{"line":41,"column":95}},"11":{"start":{"line":42,"column":22},"end":{"line":42,"column":66}},"12":{"start":{"line":43,"column":4},"end":{"line":43,"column":53}},"13":{"start":{"line":44,"column":4},"end":{"line":44,"column":103}},"14":{"start":{"line":45,"column":4},"end":{"line":45,"column":24}},"15":{"start":{"line":10,"column":13},"end":{"line":10,"column":43}},"16":{"start":{"line":17,"column":8},"end":{"line":28,"column":null}},"17":{"start":{"line":31,"column":8},"end":{"line":33,"column":null}},"18":{"start":{"line":36,"column":8},"end":{"line":46,"column":null}},"19":{"start":{"line":10,"column":13},"end":{"line":47,"column":null}}},"fnMap":{"0":{"name":"(anonymous_4)","decl":{"start":{"line":11,"column":2},"end":{"line":11,"column":null}},"loc":{"start":{"line":13,"column":34},"end":{"line":14,"column":6}}},"1":{"name":"(anonymous_5)","decl":{"start":{"line":17,"column":8},"end":{"line":17,"column":27}},"loc":{"start":{"line":21,"column":34},"end":{"line":28,"column":3}}},"2":{"name":"(anonymous_6)","decl":{"start":{"line":31,"column":8},"end":{"line":31,"column":15}},"loc":{"start":{"line":31,"column":65},"end":{"line":33,"column":3}}},"3":{"name":"(anonymous_7)","decl":{"start":{"line":36,"column":8},"end":{"line":36,"column":14}},"loc":{"start":{"line":39,"column":24},"end":{"line":46,"column":3}}}},"branchMap":{"0":{"loc":{"start":{"line":25,"column":12},"end":{"line":25,"column":35}},"type":"cond-expr","locations":[{"start":{"line":25,"column":19},"end":{"line":25,"column":31}},{"start":{"line":25,"column":34},"end":{"line":25,"column":35}}]},"1":{"loc":{"start":{"line":26,"column":13},"end":{"line":26,"column":39}},"type":"cond-expr","locations":[{"start":{"line":26,"column":21},"end":{"line":26,"column":34}},{"start":{"line":26,"column":37},"end":{"line":26,"column":39}}]},"2":{"loc":{"start":{"line":12,"column":34},"end":{"line":12,"column":null}},"type":"cond-expr","locations":[{"start":{"line":12,"column":54},"end":{"line":12,"column":null}},{"start":{"line":12,"column":54},"end":{"line":12,"column":null}}]},"3":{"loc":{"start":{"line":12,"column":34},"end":{"line":12,"column":54}},"type":"binary-expr","locations":[{"start":{"line":12,"column":34},"end":{"line":12,"column":null}},{"start":{"line":12,"column":34},"end":{"line":12,"column":54}}]},"4":{"loc":{"start":{"line":12,"column":54},"end":{"line":13,"column":null}},"type":"cond-expr","locations":[{"start":{"line":13,"column":34},"end":{"line":13,"column":null}},{"start":{"line":13,"column":34},"end":{"line":13,"column":null}}]},"5":{"loc":{"start":{"line":12,"column":54},"end":{"line":13,"column":34}},"type":"binary-expr","locations":[{"start":{"line":12,"column":54},"end":{"line":13,"column":null}},{"start":{"line":13,"column":24},"end":{"line":13,"column":34}}]}},"s":{"0":0,"1":0,"2":0,"3":0,"4":0,"5":0,"6":0,"7":0,"8":0,"9":0,"10":0,"11":0,"12":0,"13":0,"14":0,"15":0,"16":0,"17":0,"18":0,"19":0},"f":{"0":0,"1":0,"2":0,"3":0},"b":{"0":[0,0],"1":[0,0],"2":[0,0],"3":[0,0],"4":[0,0],"5":[0,0]}}
,"/home/diego/Datos/proyectos/Prueba-full-stack/packages/backend/src/prescriptions/pdf.service.ts": {"path":"/home/diego/Datos/proyectos/Prueba-full-stack/packages/backend/src/prescriptions/pdf.service.ts","statementMap":{"0":{"start":{"line":1,"column":0},"end":{"line":1,"column":44}},"1":{"start":{"line":2,"column":0},"end":{"line":2,"column":33}},"2":{"start":{"line":3,"column":0},"end":{"line":3,"column":28}},"3":{"start":{"line":18,"column":7},"end":{"line":77,"column":null}},"4":{"start":{"line":20,"column":4},"end":{"line":75,"column":7}},"5":{"start":{"line":21,"column":18},"end":{"line":21,"column":61}},"6":{"start":{"line":22,"column":31},"end":{"line":22,"column":33}},"7":{"start":{"line":24,"column":6},"end":{"line":24,"column":50}},"8":{"start":{"line":24,"column":30},"end":{"line":24,"column":48}},"9":{"start":{"line":25,"column":6},"end":{"line":25,"column":58}},"10":{"start":{"line":25,"column":26},"end":{"line":25,"column":56}},"11":{"start":{"line":26,"column":6},"end":{"line":26,"column":30}},"12":{"start":{"line":28,"column":6},"end":{"line":28,"column":72}},"13":{"start":{"line":29,"column":6},"end":{"line":29,"column":21}},"14":{"start":{"line":30,"column":6},"end":{"line":30,"column":80}},"15":{"start":{"line":31,"column":6},"end":{"line":31,"column":99}},"16":{"start":{"line":32,"column":6},"end":{"line":32,"column":112}},"17":{"start":{"line":33,"column":6},"end":{"line":33,"column":21}},"18":{"start":{"line":35,"column":6},"end":{"line":35,"column":71}},"19":{"start":{"line":36,"column":6},"end":{"line":36,"column":73}},"20":{"start":{"line":37,"column":6},"end":{"line":37,"column":60}},"21":{"start":{"line":38,"column":6},"end":{"line":40,"column":7}},"22":{"start":{"line":39,"column":8},"end":{"line":39,"column":103}},"23":{"start":{"line":41,"column":6},"end":{"line":41,"column":21}},"24":{"start":{"line":43,"column":6},"end":{"line":43,"column":69}},"25":{"start":{"line":44,"column":6},"end":{"line":44,"column":72}},"26":{"start":{"line":45,"column":6},"end":{"line":47,"column":7}},"27":{"start":{"line":46,"column":8},"end":{"line":46,"column":67}},"28":{"start":{"line":48,"column":6},"end":{"line":48,"column":21}},"29":{"start":{"line":50,"column":6},"end":{"line":50,"column":65}},"30":{"start":{"line":51,"column":6},"end":{"line":51,"column":24}},"31":{"start":{"line":53,"column":6},"end":{"line":59,"column":9}},"32":{"start":{"line":54,"column":8},"end":{"line":54,"column":60}},"33":{"start":{"line":55,"column":8},"end":{"line":55,"column":62}},"34":{"start":{"line":55,"column":25},"end":{"line":55,"column":62}},"35":{"start":{"line":56,"column":8},"end":{"line":56,"column":69}},"36":{"start":{"line":56,"column":27},"end":{"line":56,"column":69}},"37":{"start":{"line":57,"column":8},"end":{"line":57,"column":82}},"38":{"start":{"line":57,"column":31},"end":{"line":57,"column":82}},"39":{"start":{"line":58,"column":8},"end":{"line":58,"column":26}},"40":{"start":{"line":61,"column":6},"end":{"line":65,"column":7}},"41":{"start":{"line":62,"column":8},"end":{"line":62,"column":23}},"42":{"start":{"line":63,"column":8},"end":{"line":63,"column":68}},"43":{"start":{"line":64,"column":8},"end":{"line":64,"column":50}},"44":{"start":{"line":67,"column":6},"end":{"line":67,"column":22}},"45":{"start":{"line":68,"column":6},"end":{"line":74,"column":34}},"46":{"start":{"line":70,"column":27},"end":{"line":70,"column":74}},"47":{"start":{"line":71,"column":27},"end":{"line":71,"column":58}},"48":{"start":{"line":72,"column":10},"end":{"line":72,"column":91}},"49":{"start":{"line":74,"column":23},"end":{"line":74,"column":32}},"50":{"start":{"line":18,"column":13},"end":{"line":18,"column":23}},"51":{"start":{"line":18,"column":13},"end":{"line":77,"column":null}}},"fnMap":{"0":{"name":"(anonymous_2)","decl":{"start":{"line":19,"column":2},"end":{"line":19,"column":7}},"loc":{"start":{"line":19,"column":56},"end":{"line":76,"column":3}}},"1":{"name":"(anonymous_3)","decl":{"start":{"line":20,"column":31},"end":{"line":20,"column":32}},"loc":{"start":{"line":20,"column":51},"end":{"line":75,"column":5}}},"2":{"name":"(anonymous_4)","decl":{"start":{"line":24,"column":21},"end":{"line":24,"column":26}},"loc":{"start":{"line":24,"column":30},"end":{"line":24,"column":48}}},"3":{"name":"(anonymous_5)","decl":{"start":{"line":25,"column":20},"end":{"line":25,"column":23}},"loc":{"start":{"line":25,"column":26},"end":{"line":25,"column":56}}},"4":{"name":"(anonymous_6)","decl":{"start":{"line":53,"column":33},"end":{"line":53,"column":34}},"loc":{"start":{"line":53,"column":49},"end":{"line":59,"column":7}}},"5":{"name":"(anonymous_7)","decl":{"start":{"line":69,"column":14},"end":{"line":69,"column":15}},"loc":{"start":{"line":69,"column":36},"end":{"line":73,"column":9}}},"6":{"name":"(anonymous_8)","decl":{"start":{"line":74,"column":17},"end":{"line":74,"column":20}},"loc":{"start":{"line":74,"column":23},"end":{"line":74,"column":32}}}},"branchMap":{"0":{"loc":{"start":{"line":32,"column":26},"end":{"line":32,"column":88}},"type":"cond-expr","locations":[{"start":{"line":32,"column":63},"end":{"line":32,"column":74}},{"start":{"line":32,"column":77},"end":{"line":32,"column":88}}]},"1":{"loc":{"start":{"line":38,"column":6},"end":{"line":40,"column":7}},"type":"if","locations":[{"start":{"line":38,"column":6},"end":{"line":40,"column":7}},{"start":{},"end":{}}]},"2":{"loc":{"start":{"line":45,"column":6},"end":{"line":47,"column":7}},"type":"if","locations":[{"start":{"line":45,"column":6},"end":{"line":47,"column":7}},{"start":{},"end":{}}]},"3":{"loc":{"start":{"line":55,"column":8},"end":{"line":55,"column":62}},"type":"if","locations":[{"start":{"line":55,"column":8},"end":{"line":55,"column":62}},{"start":{},"end":{}}]},"4":{"loc":{"start":{"line":56,"column":8},"end":{"line":56,"column":69}},"type":"if","locations":[{"start":{"line":56,"column":8},"end":{"line":56,"column":69}},{"start":{},"end":{}}]},"5":{"loc":{"start":{"line":57,"column":8},"end":{"line":57,"column":82}},"type":"if","locations":[{"start":{"line":57,"column":8},"end":{"line":57,"column":82}},{"start":{},"end":{}}]},"6":{"loc":{"start":{"line":61,"column":6},"end":{"line":65,"column":7}},"type":"if","locations":[{"start":{"line":61,"column":6},"end":{"line":65,"column":7}},{"start":{},"end":{}}]}},"s":{"0":0,"1":0,"2":0,"3":0,"4":0,"5":0,"6":0,"7":0,"8":0,"9":0,"10":0,"11":0,"12":0,"13":0,"14":0,"15":0,"16":0,"17":0,"18":0,"19":0,"20":0,"21":0,"22":0,"23":0,"24":0,"25":0,"26":0,"27":0,"28":0,"29":0,"30":0,"31":0,"32":0,"33":0,"34":0,"35":0,"36":0,"37":0,"38":0,"39":0,"40":0,"41":0,"42":0,"43":0,"44":0,"45":0,"46":0,"47":0,"48":0,"49":0,"50":0,"51":0},"f":{"0":0,"1":0,"2":0,"3":0,"4":0,"5":0,"6":0},"b":{"0":[0,0],"1":[0,0],"2":[0,0],"3":[0,0],"4":[0,0],"5":[0,0],"6":[0,0]}}
,"/home/diego/Datos/proyectos/Prueba-full-stack/packages/backend/src/prescriptions/prescriptions.controller.ts": {"path":"/home/diego/Datos/proyectos/Prueba-full-stack/packages/backend/src/prescriptions/prescriptions.controller.ts","statementMap":{"0":{"start":{"line":1,"column":0},"end":{"line":1,"column":101}},"1":{"start":{"line":3,"column":0},"end":{"line":3,"column":63}},"2":{"start":{"line":4,"column":0},"end":{"line":4,"column":63}},"3":{"start":{"line":5,"column":0},"end":{"line":5,"column":61}},"4":{"start":{"line":6,"column":0},"end":{"line":6,"column":72}},"5":{"start":{"line":7,"column":0},"end":{"line":7,"column":43}},"6":{"start":{"line":11,"column":7},"end":{"line":64,"column":null}},"7":{"start":{"line":13,"column":12},"end":{"line":13,"column":34}},"8":{"start":{"line":14,"column":12},"end":{"line":14,"column":24}},"9":{"start":{"line":19,"column":4},"end":{"line":19,"column":74}},"10":{"start":{"line":32,"column":4},"end":{"line":38,"column":7}},"11":{"start":{"line":43,"column":4},"end":{"line":43,"column":74}},"12":{"start":{"line":48,"column":4},"end":{"line":48,"column":62}},"13":{"start":{"line":58,"column":25},"end":{"line":58,"column":95}},"14":{"start":{"line":59,"column":22},"end":{"line":59,"column":66}},"15":{"start":{"line":60,"column":4},"end":{"line":60,"column":53}},"16":{"start":{"line":61,"column":4},"end":{"line":61,"column":103}},"17":{"start":{"line":62,"column":4},"end":{"line":62,"column":24}},"18":{"start":{"line":11,"column":13},"end":{"line":11,"column":36}},"19":{"start":{"line":18,"column":8},"end":{"line":20,"column":null}},"20":{"start":{"line":23,"column":8},"end":{"line":39,"column":null}},"21":{"start":{"line":42,"column":8},"end":{"line":44,"column":null}},"22":{"start":{"line":47,"column":8},"end":{"line":49,"column":null}},"23":{"start":{"line":52,"column":8},"end":{"line":63,"column":null}},"24":{"start":{"line":11,"column":13},"end":{"line":64,"column":null}}},"fnMap":{"0":{"name":"(anonymous_4)","decl":{"start":{"line":12,"column":2},"end":{"line":12,"column":null}},"loc":{"start":{"line":14,"column":34},"end":{"line":15,"column":6}}},"1":{"name":"(anonymous_5)","decl":{"start":{"line":18,"column":8},"end":{"line":18,"column":14}},"loc":{"start":{"line":18,"column":75},"end":{"line":20,"column":3}}},"2":{"name":"(anonymous_6)","decl":{"start":{"line":23,"column":8},"end":{"line":23,"column":15}},"loc":{"start":{"line":30,"column":34},"end":{"line":39,"column":3}}},"3":{"name":"(anonymous_7)","decl":{"start":{"line":42,"column":8},"end":{"line":42,"column":15}},"loc":{"start":{"line":42,"column":65},"end":{"line":44,"column":3}}},"4":{"name":"(anonymous_8)","decl":{"start":{"line":47,"column":8},"end":{"line":47,"column":15}},"loc":{"start":{"line":47,"column":65},"end":{"line":49,"column":3}}},"5":{"name":"(anonymous_9)","decl":{"start":{"line":52,"column":8},"end":{"line":52,"column":14}},"loc":{"start":{"line":56,"column":24},"end":{"line":63,"column":3}}}},"branchMap":{"0":{"loc":{"start":{"line":36,"column":12},"end":{"line":36,"column":35}},"type":"cond-expr","locations":[{"start":{"line":36,"column":19},"end":{"line":36,"column":31}},{"start":{"line":36,"column":34},"end":{"line":36,"column":35}}]},"1":{"loc":{"start":{"line":37,"column":13},"end":{"line":37,"column":39}},"type":"cond-expr","locations":[{"start":{"line":37,"column":21},"end":{"line":37,"column":34}},{"start":{"line":37,"column":37},"end":{"line":37,"column":39}}]},"2":{"loc":{"start":{"line":18,"column":28},"end":{"line":18,"column":52}},"type":"cond-expr","locations":[{"start":{"line":18,"column":49},"end":{"line":18,"column":52}},{"start":{"line":18,"column":49},"end":{"line":18,"column":52}}]},"3":{"loc":{"start":{"line":18,"column":28},"end":{"line":18,"column":49}},"type":"binary-expr","locations":[{"start":{"line":18,"column":28},"end":{"line":18,"column":52}},{"start":{"line":18,"column":28},"end":{"line":18,"column":49}}]},"4":{"loc":{"start":{"line":13,"column":34},"end":{"line":13,"column":null}},"type":"cond-expr","locations":[{"start":{"line":13,"column":54},"end":{"line":13,"column":null}},{"start":{"line":13,"column":54},"end":{"line":13,"column":null}}]},"5":{"loc":{"start":{"line":13,"column":34},"end":{"line":13,"column":54}},"type":"binary-expr","locations":[{"start":{"line":13,"column":34},"end":{"line":13,"column":null}},{"start":{"line":13,"column":34},"end":{"line":13,"column":54}}]},"6":{"loc":{"start":{"line":13,"column":54},"end":{"line":14,"column":null}},"type":"cond-expr","locations":[{"start":{"line":14,"column":34},"end":{"line":14,"column":null}},{"start":{"line":14,"column":34},"end":{"line":14,"column":null}}]},"7":{"loc":{"start":{"line":13,"column":54},"end":{"line":14,"column":34}},"type":"binary-expr","locations":[{"start":{"line":13,"column":54},"end":{"line":14,"column":null}},{"start":{"line":14,"column":24},"end":{"line":14,"column":34}}]}},"s":{"0":0,"1":0,"2":0,"3":0,"4":0,"5":0,"6":0,"7":0,"8":0,"9":0,"10":0,"11":0,"12":0,"13":0,"14":0,"15":0,"16":0,"17":0,"18":0,"19":0,"20":0,"21":0,"22":0,"23":0,"24":0},"f":{"0":0,"1":0,"2":0,"3":0,"4":0,"5":0},"b":{"0":[0,0],"1":[0,0],"2":[0,0],"3":[0,0],"4":[0,0],"5":[0,0],"6":[0,0],"7":[0,0]}}
,"/home/diego/Datos/proyectos/Prueba-full-stack/packages/backend/src/prescriptions/prescriptions.module.ts": {"path":"/home/diego/Datos/proyectos/Prueba-full-stack/packages/backend/src/prescriptions/prescriptions.module.ts","statementMap":{"0":{"start":{"line":1,"column":0},"end":{"line":1,"column":40}},"1":{"start":{"line":2,"column":0},"end":{"line":2,"column":69}},"2":{"start":{"line":3,"column":0},"end":{"line":3,"column":84}},"3":{"start":{"line":4,"column":0},"end":{"line":4,"column":63}},"4":{"start":{"line":5,"column":0},"end":{"line":5,"column":43}},"5":{"start":{"line":12,"column":7},"end":{"line":12,"column":null}},"6":{"start":{"line":12,"column":13},"end":{"line":12,"column":32}},"7":{"start":{"line":12,"column":13},"end":{"line":12,"column":null}}},"fnMap":{},"branchMap":{},"s":{"0":0,"1":0,"2":0,"3":0,"4":0,"5":0,"6":0,"7":0},"f":{},"b":{}}
,"/home/diego/Datos/proyectos/Prueba-full-stack/packages/backend/src/prescriptions/prescriptions.service.ts": {"path":"/home/diego/Datos/proyectos/Prueba-full-stack/packages/backend/src/prescriptions/prescriptions.service.ts","statementMap":{"0":{"start":{"line":1,"column":0},"end":{"line":1,"column":83}},"1":{"start":{"line":2,"column":0},"end":{"line":2,"column":57}},"2":{"start":{"line":6,"column":7},"end":{"line":201,"column":null}},"3":{"start":{"line":7,"column":22},"end":{"line":7,"column":30}},"4":{"start":{"line":13,"column":19},"end":{"line":15,"column":6}},"5":{"start":{"line":17,"column":4},"end":{"line":19,"column":5}},"6":{"start":{"line":18,"column":6},"end":{"line":18,"column":80}},"7":{"start":{"line":22,"column":4},"end":{"line":22,"column":86}},"8":{"start":{"line":23,"column":4},"end":{"line":25,"column":5}},"9":{"start":{"line":24,"column":6},"end":{"line":24,"column":92}},"10":{"start":{"line":27,"column":4},"end":{"line":32,"column":5}},"11":{"start":{"line":28,"column":19},"end":{"line":28,"column":87}},"12":{"start":{"line":29,"column":6},"end":{"line":31,"column":7}},"13":{"start":{"line":30,"column":8},"end":{"line":30,"column":87}},"14":{"start":{"line":34,"column":4},"end":{"line":36,"column":5}},"15":{"start":{"line":35,"column":6},"end":{"line":35,"column":60}},"16":{"start":{"line":38,"column":17},"end":{"line":38,"column":92}},"17":{"start":{"line":40,"column":25},"end":{"line":56,"column":6}},"18":{"start":{"line":47,"column":42},"end":{"line":52,"column":12}},"19":{"start":{"line":58,"column":4},"end":{"line":58,"column":24}},"20":{"start":{"line":62,"column":19},"end":{"line":62,"column":77}},"21":{"start":{"line":63,"column":4},"end":{"line":65,"column":5}},"22":{"start":{"line":64,"column":6},"end":{"line":64,"column":81}},"23":{"start":{"line":67,"column":17},"end":{"line":67,"column":66}},"24":{"start":{"line":68,"column":17},"end":{"line":68,"column":36}},"25":{"start":{"line":70,"column":23},"end":{"line":70,"column":46}},"26":{"start":{"line":71,"column":4},"end":{"line":73,"column":5}},"27":{"start":{"line":72,"column":6},"end":{"line":72,"column":50}},"28":{"start":{"line":74,"column":4},"end":{"line":78,"column":5}},"29":{"start":{"line":75,"column":6},"end":{"line":75,"column":27}},"30":{"start":{"line":76,"column":6},"end":{"line":76,"column":69}},"31":{"start":{"line":76,"column":24},"end":{"line":76,"column":69}},"32":{"start":{"line":77,"column":6},"end":{"line":77,"column":65}},"33":{"start":{"line":77,"column":22},"end":{"line":77,"column":65}},"34":{"start":{"line":80,"column":35},"end":{"line":89,"column":6}},"35":{"start":{"line":91,"column":4},"end":{"line":94,"column":6}},"36":{"start":{"line":98,"column":17},"end":{"line":98,"column":66}},"37":{"start":{"line":99,"column":17},"end":{"line":99,"column":36}},"38":{"start":{"line":100,"column":20},"end":{"line":100,"column":79}},"39":{"start":{"line":102,"column":4},"end":{"line":104,"column":5}},"40":{"start":{"line":103,"column":6},"end":{"line":103,"column":60}},"41":{"start":{"line":106,"column":23},"end":{"line":106,"column":48}},"42":{"start":{"line":107,"column":4},"end":{"line":109,"column":5}},"43":{"start":{"line":108,"column":6},"end":{"line":108,"column":50}},"44":{"start":{"line":111,"column":35},"end":{"line":120,"column":6}},"45":{"start":{"line":122,"column":4},"end":{"line":125,"column":6}},"46":{"start":{"line":129,"column":25},"end":{"line":132,"column":6}},"47":{"start":{"line":134,"column":4},"end":{"line":136,"column":5}},"48":{"start":{"line":135,"column":6},"end":{"line":135,"column":64}},"49":{"start":{"line":138,"column":4},"end":{"line":140,"column":5}},"50":{"start":{"line":139,"column":6},"end":{"line":139,"column":76}},"51":{"start":{"line":142,"column":4},"end":{"line":144,"column":5}},"52":{"start":{"line":143,"column":6},"end":{"line":143,"column":76}},"53":{"start":{"line":146,"column":4},"end":{"line":146,"column":24}},"54":{"start":{"line":150,"column":20},"end":{"line":150,"column":79}},"55":{"start":{"line":151,"column":4},"end":{"line":153,"column":5}},"56":{"start":{"line":152,"column":6},"end":{"line":152,"column":84}},"57":{"start":{"line":155,"column":25},"end":{"line":158,"column":6}},"58":{"start":{"line":160,"column":4},"end":{"line":162,"column":5}},"59":{"start":{"line":161,"column":6},"end":{"line":161,"column":64}},"60":{"start":{"line":164,"column":4},"end":{"line":166,"column":5}},"61":{"start":{"line":165,"column":6},"end":{"line":165,"column":75}},"62":{"start":{"line":168,"column":4},"end":{"line":170,"column":5}},"63":{"start":{"line":169,"column":6},"end":{"line":169,"column":71}},"64":{"start":{"line":172,"column":4},"end":{"line":175,"column":7}},"65":{"start":{"line":179,"column":25},"end":{"line":182,"column":6}},"66":{"start":{"line":184,"column":4},"end":{"line":186,"column":5}},"67":{"start":{"line":185,"column":6},"end":{"line":185,"column":64}},"68":{"start":{"line":188,"column":19},"end":{"line":188,"column":77}},"69":{"start":{"line":189,"column":20},"end":{"line":189,"column":79}},"70":{"start":{"line":191,"column":4},"end":{"line":193,"column":5}},"71":{"start":{"line":192,"column":6},"end":{"line":192,"column":76}},"72":{"start":{"line":195,"column":4},"end":{"line":197,"column":5}},"73":{"start":{"line":196,"column":6},"end":{"line":196,"column":76}},"74":{"start":{"line":199,"column":4},"end":{"line":199,"column":24}},"75":{"start":{"line":6,"column":13},"end":{"line":6,"column":33}},"76":{"start":{"line":6,"column":13},"end":{"line":201,"column":null}}},"fnMap":{"0":{"name":"(anonymous_2)","decl":{"start":{"line":7,"column":2},"end":{"line":7,"column":22}},"loc":{"start":{"line":7,"column":43},"end":{"line":7,"column":47}}},"1":{"name":"(anonymous_3)","decl":{"start":{"line":9,"column":2},"end":{"line":9,"column":7}},"loc":{"start":{"line":11,"column":31},"end":{"line":59,"column":3}}},"2":{"name":"(anonymous_4)","decl":{"start":{"line":47,"column":33},"end":{"line":47,"column":37}},"loc":{"start":{"line":47,"column":42},"end":{"line":52,"column":12}}},"3":{"name":"(anonymous_5)","decl":{"start":{"line":61,"column":2},"end":{"line":61,"column":7}},"loc":{"start":{"line":61,"column":125},"end":{"line":95,"column":3}}},"4":{"name":"(anonymous_6)","decl":{"start":{"line":97,"column":2},"end":{"line":97,"column":7}},"loc":{"start":{"line":97,"column":98},"end":{"line":126,"column":3}}},"5":{"name":"(anonymous_7)","decl":{"start":{"line":128,"column":2},"end":{"line":128,"column":7}},"loc":{"start":{"line":128,"column":57},"end":{"line":147,"column":3}}},"6":{"name":"(anonymous_8)","decl":{"start":{"line":149,"column":2},"end":{"line":149,"column":7}},"loc":{"start":{"line":149,"column":42},"end":{"line":176,"column":3}}},"7":{"name":"(anonymous_9)","decl":{"start":{"line":178,"column":2},"end":{"line":178,"column":7}},"loc":{"start":{"line":178,"column":59},"end":{"line":200,"column":3}}}},"branchMap":{"0":{"loc":{"start":{"line":17,"column":4},"end":{"line":19,"column":5}},"type":"if","locations":[{"start":{"line":17,"column":4},"end":{"line":19,"column":5}},{"start":{},"end":{}}]},"1":{"loc":{"start":{"line":23,"column":4},"end":{"line":25,"column":5}},"type":"if","locations":[{"start":{"line":23,"column":4},"end":{"line":25,"column":5}},{"start":{},"end":{}}]},"2":{"loc":{"start":{"line":27,"column":4},"end":{"line":32,"column":5}},"type":"if","locations":[{"start":{"line":27,"column":4},"end":{"line":32,"column":5}},{"start":{},"end":{}}]},"3":{"loc":{"start":{"line":29,"column":6},"end":{"line":31,"column":7}},"type":"if","locations":[{"start":{"line":29,"column":6},"end":{"line":31,"column":7}},{"start":{},"end":{}}]},"4":{"loc":{"start":{"line":29,"column":10},"end":{"line":29,"column":41}},"type":"binary-expr","locations":[{"start":{"line":29,"column":10},"end":{"line":29,"column":14}},{"start":{"line":29,"column":18},"end":{"line":29,"column":41}}]},"5":{"loc":{"start":{"line":34,"column":4},"end":{"line":36,"column":5}},"type":"if","locations":[{"start":{"line":34,"column":4},"end":{"line":36,"column":5}},{"start":{},"end":{}}]},"6":{"loc":{"start":{"line":63,"column":4},"end":{"line":65,"column":5}},"type":"if","locations":[{"start":{"line":63,"column":4},"end":{"line":65,"column":5}},{"start":{},"end":{}}]},"7":{"loc":{"start":{"line":67,"column":19},"end":{"line":67,"column":36}},"type":"binary-expr","locations":[{"start":{"line":67,"column":19},"end":{"line":67,"column":31}},{"start":{"line":67,"column":35},"end":{"line":67,"column":36}}]},"8":{"loc":{"start":{"line":67,"column":46},"end":{"line":67,"column":65}},"type":"binary-expr","locations":[{"start":{"line":67,"column":46},"end":{"line":67,"column":59}},{"start":{"line":67,"column":63},"end":{"line":67,"column":65}}]},"9":{"loc":{"start":{"line":68,"column":17},"end":{"line":68,"column":36}},"type":"binary-expr","locations":[{"start":{"line":68,"column":17},"end":{"line":68,"column":30}},{"start":{"line":68,"column":34},"end":{"line":68,"column":36}}]},"10":{"loc":{"start":{"line":71,"column":4},"end":{"line":73,"column":5}},"type":"if","locations":[{"start":{"line":71,"column":4},"end":{"line":73,"column":5}},{"start":{},"end":{}}]},"11":{"loc":{"start":{"line":74,"column":4},"end":{"line":78,"column":5}},"type":"if","locations":[{"start":{"line":74,"column":4},"end":{"line":78,"column":5}},{"start":{},"end":{}}]},"12":{"loc":{"start":{"line":74,"column":8},"end":{"line":74,"column":34}},"type":"binary-expr","locations":[{"start":{"line":74,"column":8},"end":{"line":74,"column":20}},{"start":{"line":74,"column":24},"end":{"line":74,"column":34}}]},"13":{"loc":{"start":{"line":76,"column":6},"end":{"line":76,"column":69}},"type":"if","locations":[{"start":{"line":76,"column":6},"end":{"line":76,"column":69}},{"start":{},"end":{}}]},"14":{"loc":{"start":{"line":77,"column":6},"end":{"line":77,"column":65}},"type":"if","locations":[{"start":{"line":77,"column":6},"end":{"line":77,"column":65}},{"start":{},"end":{}}]},"15":{"loc":{"start":{"line":93,"column":27},"end":{"line":93,"column":44}},"type":"binary-expr","locations":[{"start":{"line":93,"column":27},"end":{"line":93,"column":39}},{"start":{"line":93,"column":43},"end":{"line":93,"column":44}}]},"16":{"loc":{"start":{"line":98,"column":19},"end":{"line":98,"column":36}},"type":"binary-expr","locations":[{"start":{"line":98,"column":19},"end":{"line":98,"column":31}},{"start":{"line":98,"column":35},"end":{"line":98,"column":36}}]},"17":{"loc":{"start":{"line":98,"column":46},"end":{"line":98,"column":65}},"type":"binary-expr","locations":[{"start":{"line":98,"column":46},"end":{"line":98,"column":59}},{"start":{"line":98,"column":63},"end":{"line":98,"column":65}}]},"18":{"loc":{"start":{"line":99,"column":17},"end":{"line":99,"column":36}},"type":"binary-expr","locations":[{"start":{"line":99,"column":17},"end":{"line":99,"column":30}},{"start":{"line":99,"column":34},"end":{"line":99,"column":36}}]},"19":{"loc":{"start":{"line":102,"column":4},"end":{"line":104,"column":5}},"type":"if","locations":[{"start":{"line":102,"column":4},"end":{"line":104,"column":5}},{"start":{},"end":{}}]},"20":{"loc":{"start":{"line":107,"column":4},"end":{"line":109,"column":5}},"type":"if","locations":[{"start":{"line":107,"column":4},"end":{"line":109,"column":5}},{"start":{},"end":{}}]},"21":{"loc":{"start":{"line":124,"column":27},"end":{"line":124,"column":44}},"type":"binary-expr","locations":[{"start":{"line":124,"column":27},"end":{"line":124,"column":39}},{"start":{"line":124,"column":43},"end":{"line":124,"column":44}}]},"22":{"loc":{"start":{"line":134,"column":4},"end":{"line":136,"column":5}},"type":"if","locations":[{"start":{"line":134,"column":4},"end":{"line":136,"column":5}},{"start":{},"end":{}}]},"23":{"loc":{"start":{"line":138,"column":4},"end":{"line":140,"column":5}},"type":"if","locations":[{"start":{"line":138,"column":4},"end":{"line":140,"column":5}},{"start":{},"end":{}}]},"24":{"loc":{"start":{"line":138,"column":8},"end":{"line":138,"column":66}},"type":"binary-expr","locations":[{"start":{"line":138,"column":8},"end":{"line":138,"column":25}},{"start":{"line":138,"column":29},"end":{"line":138,"column":66}}]},"25":{"loc":{"start":{"line":142,"column":4},"end":{"line":144,"column":5}},"type":"if","locations":[{"start":{"line":142,"column":4},"end":{"line":144,"column":5}},{"start":{},"end":{}}]},"26":{"loc":{"start":{"line":142,"column":8},"end":{"line":142,"column":68}},"type":"binary-expr","locations":[{"start":{"line":142,"column":8},"end":{"line":142,"column":26}},{"start":{"line":142,"column":30},"end":{"line":142,"column":68}}]},"27":{"loc":{"start":{"line":151,"column":4},"end":{"line":153,"column":5}},"type":"if","locations":[{"start":{"line":151,"column":4},"end":{"line":153,"column":5}},{"start":{},"end":{}}]},"28":{"loc":{"start":{"line":160,"column":4},"end":{"line":162,"column":5}},"type":"if","locations":[{"start":{"line":160,"column":4},"end":{"line":162,"column":5}},{"start":{},"end":{}}]},"29":{"loc":{"start":{"line":164,"column":4},"end":{"line":166,"column":5}},"type":"if","locations":[{"start":{"line":164,"column":4},"end":{"line":166,"column":5}},{"start":{},"end":{}}]},"30":{"loc":{"start":{"line":168,"column":4},"end":{"line":170,"column":5}},"type":"if","locations":[{"start":{"line":168,"column":4},"end":{"line":170,"column":5}},{"start":{},"end":{}}]},"31":{"loc":{"start":{"line":184,"column":4},"end":{"line":186,"column":5}},"type":"if","locations":[{"start":{"line":184,"column":4},"end":{"line":186,"column":5}},{"start":{},"end":{}}]},"32":{"loc":{"start":{"line":191,"column":4},"end":{"line":193,"column":5}},"type":"if","locations":[{"start":{"line":191,"column":4},"end":{"line":193,"column":5}},{"start":{},"end":{}}]},"33":{"loc":{"start":{"line":191,"column":8},"end":{"line":191,"column":74}},"type":"binary-expr","locations":[{"start":{"line":191,"column":8},"end":{"line":191,"column":25}},{"start":{"line":191,"column":29},"end":{"line":191,"column":35}},{"start":{"line":191,"column":39},"end":{"line":191,"column":74}}]},"34":{"loc":{"start":{"line":195,"column":4},"end":{"line":197,"column":5}},"type":"if","locations":[{"start":{"line":195,"column":4},"end":{"line":197,"column":5}},{"start":{},"end":{}}]},"35":{"loc":{"start":{"line":195,"column":8},"end":{"line":195,"column":78}},"type":"binary-expr","locations":[{"start":{"line":195,"column":8},"end":{"line":195,"column":26}},{"start":{"line":195,"column":30},"end":{"line":195,"column":37}},{"start":{"line":195,"column":41},"end":{"line":195,"column":78}}]},"36":{"loc":{"start":{"line":7,"column":30},"end":{"line":7,"column":46}},"type":"cond-expr","locations":[{"start":{"line":7,"column":43},"end":{"line":7,"column":46}},{"start":{"line":7,"column":43},"end":{"line":7,"column":46}}]},"37":{"loc":{"start":{"line":7,"column":30},"end":{"line":7,"column":43}},"type":"binary-expr","locations":[{"start":{"line":7,"column":30},"end":{"line":7,"column":46}},{"start":{"line":7,"column":30},"end":{"line":7,"column":43}}]}},"s":{"0":0,"1":0,"2":0,"3":0,"4":0,"5":0,"6":0,"7":0,"8":0,"9":0,"10":0,"11":0,"12":0,"13":0,"14":0,"15":0,"16":0,"17":0,"18":0,"19":0,"20":0,"21":0,"22":0,"23":0,"24":0,"25":0,"26":0,"27":0,"28":0,"29":0,"30":0,"31":0,"32":0,"33":0,"34":0,"35":0,"36":0,"37":0,"38":0,"39":0,"40":0,"41":0,"42":0,"43":0,"44":0,"45":0,"46":0,"47":0,"48":0,"49":0,"50":0,"51":0,"52":0,"53":0,"54":0,"55":0,"56":0,"57":0,"58":0,"59":0,"60":0,"61":0,"62":0,"63":0,"64":0,"65":0,"66":0,"67":0,"68":0,"69":0,"70":0,"71":0,"72":0,"73":0,"74":0,"75":0,"76":0},"f":{"0":0,"1":0,"2":0,"3":0,"4":0,"5":0,"6":0,"7":0},"b":{"0":[0,0],"1":[0,0],"2":[0,0],"3":[0,0],"4":[0,0],"5":[0,0],"6":[0,0],"7":[0,0],"8":[0,0],"9":[0,0],"10":[0,0],"11":[0,0],"12":[0,0],"13":[0,0],"14":[0,0],"15":[0,0],"16":[0,0],"17":[0,0],"18":[0,0],"19":[0,0],"20":[0,0],"21":[0,0],"22":[0,0],"23":[0,0],"24":[0,0],"25":[0,0],"26":[0,0],"27":[0,0],"28":[0,0],"29":[0,0],"30":[0,0],"31":[0,0],"32":[0,0],"33":[0,0,0],"34":[0,0],"35":[0,0,0],"36":[0,0],"37":[0,0]}}
,"/home/diego/Datos/proyectos/Prueba-full-stack/packages/backend/src/prescriptions/dto/prescription.dto.ts": {"path":"/home/diego/Datos/proyectos/Prueba-full-stack/packages/backend/src/prescriptions/dto/prescription.dto.ts","statementMap":{"0":{"start":{"line":1,"column":0},"end":{"line":1,"column":107}},"1":{"start":{"line":2,"column":0},"end":{"line":2,"column":41}},"2":{"start":{"line":4,"column":0},"end":{"line":4,"column":13}},"3":{"start":{"line":7,"column":2},"end":{"line":7,"column":null}},"4":{"start":{"line":11,"column":2},"end":{"line":11,"column":null}},"5":{"start":{"line":16,"column":2},"end":{"line":16,"column":null}},"6":{"start":{"line":20,"column":2},"end":{"line":20,"column":null}},"7":{"start":{"line":23,"column":0},"end":{"line":23,"column":13}},"8":{"start":{"line":26,"column":2},"end":{"line":26,"column":null}},"9":{"start":{"line":30,"column":2},"end":{"line":30,"column":null}},"10":{"start":{"line":35,"column":2},"end":{"line":35,"column":null}},"11":{"start":{"line":34,"column":14},"end":{"line":34,"column":33}}},"fnMap":{"0":{"name":"(anonymous_2)","decl":{"start":{"line":34,"column":8},"end":{"line":34,"column":11}},"loc":{"start":{"line":34,"column":14},"end":{"line":34,"column":33}}}},"branchMap":{},"s":{"0":0,"1":0,"2":0,"3":0,"4":0,"5":0,"6":0,"7":0,"8":0,"9":0,"10":0,"11":0},"f":{"0":0},"b":{}}
,"/home/diego/Datos/proyectos/Prueba-full-stack/packages/backend/src/prisma/prisma.module.ts": {"path":"/home/diego/Datos/proyectos/Prueba-full-stack/packages/backend/src/prisma/prisma.module.ts","statementMap":{"0":{"start":{"line":1,"column":0},"end":{"line":1,"column":48}},"1":{"start":{"line":2,"column":0},"end":{"line":2,"column":49}},"2":{"start":{"line":9,"column":7},"end":{"line":9,"column":null}},"3":{"start":{"line":9,"column":13},"end":{"line":9,"column":25}},"4":{"start":{"line":9,"column":13},"end":{"line":9,"column":null}}},"fnMap":{},"branchMap":{},"s":{"0":0,"1":0,"2":0,"3":0,"4":0},"f":{},"b":{}}
,"/home/diego/Datos/proyectos/Prueba-full-stack/packages/backend/src/prisma/prisma.service.ts": {"path":"/home/diego/Datos/proyectos/Prueba-full-stack/packages/backend/src/prisma/prisma.service.ts","statementMap":{"0":{"start":{"line":1,"column":0},"end":{"line":1,"column":75}},"1":{"start":{"line":2,"column":0},"end":{"line":2,"column":46}},"2":{"start":{"line":3,"column":0},"end":{"line":3,"column":46}},"3":{"start":{"line":4,"column":0},"end":{"line":4,"column":20}},"4":{"start":{"line":5,"column":0},"end":{"line":5,"column":23}},"5":{"start":{"line":8,"column":7},"end":{"line":25,"column":null}},"6":{"start":{"line":13,"column":17},"end":{"line":13,"column":76}},"7":{"start":{"line":14,"column":20},"end":{"line":14,"column":38}},"8":{"start":{"line":15,"column":4},"end":{"line":15,"column":23}},"9":{"start":{"line":19,"column":4},"end":{"line":19,"column":26}},"10":{"start":{"line":23,"column":4},"end":{"line":23,"column":29}},"11":{"start":{"line":8,"column":13},"end":{"line":8,"column":26}},"12":{"start":{"line":8,"column":13},"end":{"line":25,"column":null}}},"fnMap":{"0":{"name":"(anonymous_3)","decl":{"start":{"line":12,"column":2},"end":{"line":12,"column":null}},"loc":{"start":{"line":12,"column":2},"end":{"line":16,"column":3}}},"1":{"name":"(anonymous_4)","decl":{"start":{"line":18,"column":2},"end":{"line":18,"column":7}},"loc":{"start":{"line":18,"column":20},"end":{"line":20,"column":3}}},"2":{"name":"(anonymous_5)","decl":{"start":{"line":22,"column":2},"end":{"line":22,"column":7}},"loc":{"start":{"line":22,"column":23},"end":{"line":24,"column":3}}}},"branchMap":{},"s":{"0":1,"1":1,"2":1,"3":1,"4":1,"5":1,"6":0,"7":0,"8":0,"9":0,"10":0,"11":1,"12":1},"f":{"0":0,"1":0,"2":0},"b":{}}
,"/home/diego/Datos/proyectos/Prueba-full-stack/packages/backend/src/users/users.controller.ts": {"path":"/home/diego/Datos/proyectos/Prueba-full-stack/packages/backend/src/users/users.controller.ts","statementMap":{"0":{"start":{"line":1,"column":0},"end":{"line":1,"column":56}},"1":{"start":{"line":2,"column":0},"end":{"line":2,"column":47}},"2":{"start":{"line":5,"column":7},"end":{"line":44,"column":null}},"3":{"start":{"line":6,"column":22},"end":{"line":6,"column":36}},"4":{"start":{"line":14,"column":4},"end":{"line":18,"column":6}},"5":{"start":{"line":26,"column":4},"end":{"line":29,"column":6}},"6":{"start":{"line":38,"column":4},"end":{"line":42,"column":6}},"7":{"start":{"line":5,"column":13},"end":{"line":5,"column":28}},"8":{"start":{"line":9,"column":8},"end":{"line":19,"column":null}},"9":{"start":{"line":22,"column":8},"end":{"line":30,"column":null}},"10":{"start":{"line":33,"column":8},"end":{"line":43,"column":null}},"11":{"start":{"line":5,"column":13},"end":{"line":44,"column":null}}},"fnMap":{"0":{"name":"(anonymous_4)","decl":{"start":{"line":6,"column":2},"end":{"line":6,"column":22}},"loc":{"start":{"line":6,"column":48},"end":{"line":6,"column":52}}},"1":{"name":"(anonymous_5)","decl":{"start":{"line":9,"column":8},"end":{"line":9,"column":18}},"loc":{"start":{"line":12,"column":42},"end":{"line":19,"column":3}}},"2":{"name":"(anonymous_6)","decl":{"start":{"line":22,"column":8},"end":{"line":22,"column":19}},"loc":{"start":{"line":24,"column":34},"end":{"line":30,"column":3}}},"3":{"name":"(anonymous_7)","decl":{"start":{"line":33,"column":8},"end":{"line":33,"column":16}},"loc":{"start":{"line":36,"column":34},"end":{"line":43,"column":3}}}},"branchMap":{"0":{"loc":{"start":{"line":15,"column":6},"end":{"line":15,"column":29}},"type":"cond-expr","locations":[{"start":{"line":15,"column":13},"end":{"line":15,"column":25}},{"start":{"line":15,"column":28},"end":{"line":15,"column":29}}]},"1":{"loc":{"start":{"line":16,"column":6},"end":{"line":16,"column":32}},"type":"cond-expr","locations":[{"start":{"line":16,"column":14},"end":{"line":16,"column":27}},{"start":{"line":16,"column":30},"end":{"line":16,"column":32}}]},"2":{"loc":{"start":{"line":27,"column":6},"end":{"line":27,"column":29}},"type":"cond-expr","locations":[{"start":{"line":27,"column":13},"end":{"line":27,"column":25}},{"start":{"line":27,"column":28},"end":{"line":27,"column":29}}]},"3":{"loc":{"start":{"line":28,"column":6},"end":{"line":28,"column":32}},"type":"cond-expr","locations":[{"start":{"line":28,"column":14},"end":{"line":28,"column":27}},{"start":{"line":28,"column":30},"end":{"line":28,"column":32}}]},"4":{"loc":{"start":{"line":40,"column":6},"end":{"line":40,"column":29}},"type":"cond-expr","locations":[{"start":{"line":40,"column":13},"end":{"line":40,"column":25}},{"start":{"line":40,"column":28},"end":{"line":40,"column":29}}]},"5":{"loc":{"start":{"line":41,"column":6},"end":{"line":41,"column":32}},"type":"cond-expr","locations":[{"start":{"line":41,"column":14},"end":{"line":41,"column":27}},{"start":{"line":41,"column":30},"end":{"line":41,"column":32}}]},"6":{"loc":{"start":{"line":6,"column":36},"end":{"line":6,"column":51}},"type":"cond-expr","locations":[{"start":{"line":6,"column":48},"end":{"line":6,"column":51}},{"start":{"line":6,"column":48},"end":{"line":6,"column":51}}]},"7":{"loc":{"start":{"line":6,"column":36},"end":{"line":6,"column":48}},"type":"binary-expr","locations":[{"start":{"line":6,"column":36},"end":{"line":6,"column":51}},{"start":{"line":6,"column":36},"end":{"line":6,"column":48}}]}},"s":{"0":0,"1":0,"2":0,"3":0,"4":0,"5":0,"6":0,"7":0,"8":0,"9":0,"10":0,"11":0},"f":{"0":0,"1":0,"2":0,"3":0},"b":{"0":[0,0],"1":[0,0],"2":[0,0],"3":[0,0],"4":[0,0],"5":[0,0],"6":[0,0],"7":[0,0]}}
,"/home/diego/Datos/proyectos/Prueba-full-stack/packages/backend/src/users/users.module.ts": {"path":"/home/diego/Datos/proyectos/Prueba-full-stack/packages/backend/src/users/users.module.ts","statementMap":{"0":{"start":{"line":1,"column":0},"end":{"line":1,"column":40}},"1":{"start":{"line":2,"column":0},"end":{"line":2,"column":53}},"2":{"start":{"line":3,"column":0},"end":{"line":3,"column":47}},"3":{"start":{"line":4,"column":0},"end":{"line":4,"column":55}},"4":{"start":{"line":12,"column":7},"end":{"line":12,"column":null}},"5":{"start":{"line":12,"column":13},"end":{"line":12,"column":24}},"6":{"start":{"line":12,"column":13},"end":{"line":12,"column":null}}},"fnMap":{},"branchMap":{},"s":{"0":0,"1":0,"2":0,"3":0,"4":0,"5":0,"6":0},"f":{},"b":{}}
,"/home/diego/Datos/proyectos/Prueba-full-stack/packages/backend/src/users/users.service.ts": {"path":"/home/diego/Datos/proyectos/Prueba-full-stack/packages/backend/src/users/users.service.ts","statementMap":{"0":{"start":{"line":1,"column":0},"end":{"line":1,"column":63}},"1":{"start":{"line":2,"column":0},"end":{"line":2,"column":57}},"2":{"start":{"line":5,"column":7},"end":{"line":72,"column":null}},"3":{"start":{"line":6,"column":22},"end":{"line":6,"column":30}},"4":{"start":{"line":9,"column":17},"end":{"line":9,"column":35}},"5":{"start":{"line":10,"column":23},"end":{"line":10,"column":50}},"6":{"start":{"line":12,"column":4},"end":{"line":14,"column":5}},"7":{"start":{"line":13,"column":6},"end":{"line":13,"column":81}},"8":{"start":{"line":16,"column":29},"end":{"line":25,"column":6}},"9":{"start":{"line":27,"column":4},"end":{"line":36,"column":6}},"10":{"start":{"line":28,"column":30},"end":{"line":34,"column":8}},"11":{"start":{"line":40,"column":17},"end":{"line":40,"column":35}},"12":{"start":{"line":41,"column":18},"end":{"line":41,"column":46}},"13":{"start":{"line":43,"column":30},"end":{"line":52,"column":6}},"14":{"start":{"line":54,"column":4},"end":{"line":63,"column":6}},"15":{"start":{"line":55,"column":31},"end":{"line":61,"column":8}},"16":{"start":{"line":67,"column":4},"end":{"line":69,"column":5}},"17":{"start":{"line":68,"column":6},"end":{"line":68,"column":43}},"18":{"start":{"line":70,"column":4},"end":{"line":70,"column":42}},"19":{"start":{"line":5,"column":13},"end":{"line":5,"column":25}},"20":{"start":{"line":5,"column":13},"end":{"line":72,"column":null}}},"fnMap":{"0":{"name":"(anonymous_2)","decl":{"start":{"line":6,"column":2},"end":{"line":6,"column":22}},"loc":{"start":{"line":6,"column":43},"end":{"line":6,"column":47}}},"1":{"name":"(anonymous_3)","decl":{"start":{"line":8,"column":2},"end":{"line":8,"column":7}},"loc":{"start":{"line":8,"column":60},"end":{"line":37,"column":3}}},"2":{"name":"(anonymous_4)","decl":{"start":{"line":28,"column":24},"end":{"line":28,"column":25}},"loc":{"start":{"line":28,"column":30},"end":{"line":34,"column":8}}},"3":{"name":"(anonymous_5)","decl":{"start":{"line":39,"column":2},"end":{"line":39,"column":7}},"loc":{"start":{"line":39,"column":41},"end":{"line":64,"column":3}}},"4":{"name":"(anonymous_6)","decl":{"start":{"line":55,"column":25},"end":{"line":55,"column":26}},"loc":{"start":{"line":55,"column":31},"end":{"line":61,"column":8}}},"5":{"name":"(anonymous_7)","decl":{"start":{"line":66,"column":2},"end":{"line":66,"column":7}},"loc":{"start":{"line":66,"column":67},"end":{"line":71,"column":3}}}},"branchMap":{"0":{"loc":{"start":{"line":8,"column":20},"end":{"line":8,"column":28}},"type":"default-arg","locations":[{"start":{"line":8,"column":27},"end":{"line":8,"column":28}}]},"1":{"loc":{"start":{"line":8,"column":30},"end":{"line":8,"column":40}},"type":"default-arg","locations":[{"start":{"line":8,"column":38},"end":{"line":8,"column":40}}]},"2":{"loc":{"start":{"line":12,"column":4},"end":{"line":14,"column":5}},"type":"if","locations":[{"start":{"line":12,"column":4},"end":{"line":14,"column":5}},{"start":{},"end":{}}]},"3":{"loc":{"start":{"line":39,"column":21},"end":{"line":39,"column":29}},"type":"default-arg","locations":[{"start":{"line":39,"column":28},"end":{"line":39,"column":29}}]},"4":{"loc":{"start":{"line":39,"column":31},"end":{"line":39,"column":41}},"type":"default-arg","locations":[{"start":{"line":39,"column":39},"end":{"line":39,"column":41}}]},"5":{"loc":{"start":{"line":66,"column":47},"end":{"line":66,"column":55}},"type":"default-arg","locations":[{"start":{"line":66,"column":54},"end":{"line":66,"column":55}}]},"6":{"loc":{"start":{"line":66,"column":57},"end":{"line":66,"column":67}},"type":"default-arg","locations":[{"start":{"line":66,"column":65},"end":{"line":66,"column":67}}]},"7":{"loc":{"start":{"line":67,"column":4},"end":{"line":69,"column":5}},"type":"if","locations":[{"start":{"line":67,"column":4},"end":{"line":69,"column":5}},{"start":{},"end":{}}]},"8":{"loc":{"start":{"line":6,"column":30},"end":{"line":6,"column":46}},"type":"cond-expr","locations":[{"start":{"line":6,"column":43},"end":{"line":6,"column":46}},{"start":{"line":6,"column":43},"end":{"line":6,"column":46}}]},"9":{"loc":{"start":{"line":6,"column":30},"end":{"line":6,"column":43}},"type":"binary-expr","locations":[{"start":{"line":6,"column":30},"end":{"line":6,"column":46}},{"start":{"line":6,"column":30},"end":{"line":6,"column":43}}]}},"s":{"0":0,"1":0,"2":0,"3":0,"4":0,"5":0,"6":0,"7":0,"8":0,"9":0,"10":0,"11":0,"12":0,"13":0,"14":0,"15":0,"16":0,"17":0,"18":0,"19":0,"20":0},"f":{"0":0,"1":0,"2":0,"3":0,"4":0,"5":0},"b":{"0":[0],"1":[0],"2":[0,0],"3":[0],"4":[0],"5":[0],"6":[0],"7":[0,0],"8":[0,0],"9":[0,0]}}
}
